10-Dec-2017 20:50:22.312 정보 [main] org.apache.catalina.startup.VersionLoggerListener.log Server version:        Apache Tomcat/9.0.0.M26
10-Dec-2017 20:50:22.322 정보 [main] org.apache.catalina.startup.VersionLoggerListener.log Server built:          Aug 2 2017 20:29:05 UTC
10-Dec-2017 20:50:22.322 정보 [main] org.apache.catalina.startup.VersionLoggerListener.log Server number:         9.0.0.0
10-Dec-2017 20:50:22.322 정보 [main] org.apache.catalina.startup.VersionLoggerListener.log OS Name:               Windows 7
10-Dec-2017 20:50:22.322 정보 [main] org.apache.catalina.startup.VersionLoggerListener.log OS Version:            6.1
10-Dec-2017 20:50:22.322 정보 [main] org.apache.catalina.startup.VersionLoggerListener.log Architecture:          amd64
10-Dec-2017 20:50:22.322 정보 [main] org.apache.catalina.startup.VersionLoggerListener.log Java Home:             C:\Program Files\Java\jre1.8.0_144
10-Dec-2017 20:50:22.322 정보 [main] org.apache.catalina.startup.VersionLoggerListener.log JVM Version:           1.8.0_144-b01
10-Dec-2017 20:50:22.322 정보 [main] org.apache.catalina.startup.VersionLoggerListener.log JVM Vendor:            Oracle Corporation
10-Dec-2017 20:50:22.324 정보 [main] org.apache.catalina.startup.VersionLoggerListener.log CATALINA_BASE:         C:\Program Files (x86)\apache\apache-tomcat9
10-Dec-2017 20:50:22.324 정보 [main] org.apache.catalina.startup.VersionLoggerListener.log CATALINA_HOME:         C:\Program Files (x86)\apache\apache-tomcat9
10-Dec-2017 20:50:22.324 정보 [main] org.apache.catalina.startup.VersionLoggerListener.log Command line argument: -Dcatalina.home=C:\Program Files (x86)\apache\apache-tomcat9
10-Dec-2017 20:50:22.324 정보 [main] org.apache.catalina.startup.VersionLoggerListener.log Command line argument: -Dcatalina.base=C:\Program Files (x86)\apache\apache-tomcat9
10-Dec-2017 20:50:22.324 정보 [main] org.apache.catalina.startup.VersionLoggerListener.log Command line argument: -Djava.io.tmpdir=C:\Program Files (x86)\apache\apache-tomcat9\temp
10-Dec-2017 20:50:22.324 정보 [main] org.apache.catalina.startup.VersionLoggerListener.log Command line argument: -Djava.util.logging.manager=org.apache.juli.ClassLoaderLogManager
10-Dec-2017 20:50:22.324 정보 [main] org.apache.catalina.startup.VersionLoggerListener.log Command line argument: -Djava.util.logging.config.file=C:\Program Files (x86)\apache\apache-tomcat9\conf\logging.properties
10-Dec-2017 20:50:22.324 정보 [main] org.apache.catalina.startup.VersionLoggerListener.log Command line argument: exit
10-Dec-2017 20:50:22.324 정보 [main] org.apache.catalina.startup.VersionLoggerListener.log Command line argument: -Xms128m
10-Dec-2017 20:50:22.324 정보 [main] org.apache.catalina.startup.VersionLoggerListener.log Command line argument: -Xmx256m
10-Dec-2017 20:50:22.324 정보 [main] org.apache.catalina.core.AprLifecycleListener.lifecycleEvent Loaded APR based Apache Tomcat Native library [1.2.12] using APR version [1.5.2].
10-Dec-2017 20:50:22.324 정보 [main] org.apache.catalina.core.AprLifecycleListener.lifecycleEvent APR capabilities: IPv6 [true], sendfile [true], accept filters [false], random [true].
10-Dec-2017 20:50:22.324 정보 [main] org.apache.catalina.core.AprLifecycleListener.lifecycleEvent APR/OpenSSL configuration: useAprConnector [false], useOpenSSL [true]
10-Dec-2017 20:50:22.929 정보 [main] org.apache.catalina.core.AprLifecycleListener.initializeSSL OpenSSL successfully initialized [OpenSSL 1.0.2k  26 Jan 2017]
10-Dec-2017 20:50:23.157 정보 [main] org.apache.coyote.AbstractProtocol.init Initializing ProtocolHandler ["http-nio-8099"]
10-Dec-2017 20:50:23.302 정보 [main] org.apache.tomcat.util.net.NioSelectorPool.getSharedSelector Using a shared selector for servlet write/read
10-Dec-2017 20:50:23.312 정보 [main] org.apache.coyote.AbstractProtocol.init Initializing ProtocolHandler ["ajp-nio-8009"]
10-Dec-2017 20:50:23.312 정보 [main] org.apache.tomcat.util.net.NioSelectorPool.getSharedSelector Using a shared selector for servlet write/read
10-Dec-2017 20:50:23.312 정보 [main] org.apache.catalina.startup.Catalina.load Initialization processed in 1519 ms
10-Dec-2017 20:50:23.357 정보 [main] org.apache.catalina.core.StandardService.startInternal Starting service [Catalina]
10-Dec-2017 20:50:23.357 정보 [main] org.apache.catalina.core.StandardEngine.startInternal Starting Servlet Engine: Apache Tomcat/9.0.0.M26
10-Dec-2017 20:50:23.357 정보 [main] org.apache.catalina.startup.HostConfig.deployDirectory Deploying web application directory [C:\Program Files (x86)\apache\apache-tomcat9\webapps\docs]
10-Dec-2017 20:50:23.704 정보 [main] org.apache.catalina.startup.HostConfig.deployDirectory Deployment of web application directory [C:\Program Files (x86)\apache\apache-tomcat9\webapps\docs] has finished in [347] ms
10-Dec-2017 20:50:23.704 정보 [main] org.apache.catalina.startup.HostConfig.deployDirectory Deploying web application directory [C:\Program Files (x86)\apache\apache-tomcat9\webapps\examples]
10-Dec-2017 20:50:24.086 정보 [main] org.apache.catalina.startup.HostConfig.deployDirectory Deployment of web application directory [C:\Program Files (x86)\apache\apache-tomcat9\webapps\examples] has finished in [382] ms
10-Dec-2017 20:50:24.096 정보 [main] org.apache.catalina.startup.HostConfig.deployDirectory Deploying web application directory [C:\Program Files (x86)\apache\apache-tomcat9\webapps\host-manager]
10-Dec-2017 20:50:24.136 정보 [main] org.apache.catalina.startup.HostConfig.deployDirectory Deployment of web application directory [C:\Program Files (x86)\apache\apache-tomcat9\webapps\host-manager] has finished in [40] ms
10-Dec-2017 20:50:24.136 정보 [main] org.apache.catalina.startup.HostConfig.deployDirectory Deploying web application directory [C:\Program Files (x86)\apache\apache-tomcat9\webapps\manager]
10-Dec-2017 20:50:24.166 정보 [main] org.apache.catalina.startup.HostConfig.deployDirectory Deployment of web application directory [C:\Program Files (x86)\apache\apache-tomcat9\webapps\manager] has finished in [30] ms
10-Dec-2017 20:50:24.166 정보 [main] org.apache.catalina.startup.HostConfig.deployDirectory Deploying web application directory [C:\Program Files (x86)\apache\apache-tomcat9\webapps\ROOT]
10-Dec-2017 20:50:24.199 정보 [main] org.apache.catalina.startup.HostConfig.deployDirectory Deployment of web application directory [C:\Program Files (x86)\apache\apache-tomcat9\webapps\ROOT] has finished in [33] ms
10-Dec-2017 20:50:24.199 정보 [main] org.apache.coyote.AbstractProtocol.start Starting ProtocolHandler ["http-nio-8099"]
10-Dec-2017 20:50:24.209 정보 [main] org.apache.coyote.AbstractProtocol.start Starting ProtocolHandler ["ajp-nio-8009"]
10-Dec-2017 20:50:24.209 정보 [main] org.apache.catalina.startup.Catalina.start Server startup in 890 ms
10-Dec-2017 20:52:12.021 심각 [ajp-nio-8009-exec-1] org.apache.coyote.ajp.AjpMessage.processHeader Invalid message received with signature [18245]
10-Dec-2017 20:53:54.093 정보 [Thread-6] org.apache.coyote.AbstractProtocol.pause Pausing ProtocolHandler ["http-nio-8099"]
10-Dec-2017 20:53:54.413 정보 [Thread-6] org.apache.coyote.AbstractProtocol.pause Pausing ProtocolHandler ["ajp-nio-8009"]
10-Dec-2017 20:53:54.723 정보 [Thread-6] org.apache.catalina.core.StandardService.stopInternal Stopping service [Catalina]
10-Dec-2017 20:53:54.780 정보 [Thread-6] org.apache.coyote.AbstractProtocol.stop Stopping ProtocolHandler ["http-nio-8099"]
10-Dec-2017 20:53:54.790 정보 [Thread-6] org.apache.coyote.AbstractProtocol.stop Stopping ProtocolHandler ["ajp-nio-8009"]
10-Dec-2017 20:54:29.010 정보 [main] org.apache.catalina.startup.VersionLoggerListener.log Server version:        Apache Tomcat/9.0.0.M26
10-Dec-2017 20:54:29.010 정보 [main] org.apache.catalina.startup.VersionLoggerListener.log Server built:          Aug 2 2017 20:29:05 UTC
10-Dec-2017 20:54:29.010 정보 [main] org.apache.catalina.startup.VersionLoggerListener.log Server number:         9.0.0.0
10-Dec-2017 20:54:29.010 정보 [main] org.apache.catalina.startup.VersionLoggerListener.log OS Name:               Windows 7
10-Dec-2017 20:54:29.010 정보 [main] org.apache.catalina.startup.VersionLoggerListener.log OS Version:            6.1
10-Dec-2017 20:54:29.010 정보 [main] org.apache.catalina.startup.VersionLoggerListener.log Architecture:          amd64
10-Dec-2017 20:54:29.010 정보 [main] org.apache.catalina.startup.VersionLoggerListener.log Java Home:             C:\Program Files\Java\jre1.8.0_144
10-Dec-2017 20:54:29.010 정보 [main] org.apache.catalina.startup.VersionLoggerListener.log JVM Version:           1.8.0_144-b01
10-Dec-2017 20:54:29.010 정보 [main] org.apache.catalina.startup.VersionLoggerListener.log JVM Vendor:            Oracle Corporation
10-Dec-2017 20:54:29.010 정보 [main] org.apache.catalina.startup.VersionLoggerListener.log CATALINA_BASE:         C:\Program Files (x86)\apache\apache-tomcat9
10-Dec-2017 20:54:29.010 정보 [main] org.apache.catalina.startup.VersionLoggerListener.log CATALINA_HOME:         C:\Program Files (x86)\apache\apache-tomcat9
10-Dec-2017 20:54:29.010 정보 [main] org.apache.catalina.startup.VersionLoggerListener.log Command line argument: -Dcatalina.home=C:\Program Files (x86)\apache\apache-tomcat9
10-Dec-2017 20:54:29.010 정보 [main] org.apache.catalina.startup.VersionLoggerListener.log Command line argument: -Dcatalina.base=C:\Program Files (x86)\apache\apache-tomcat9
10-Dec-2017 20:54:29.010 정보 [main] org.apache.catalina.startup.VersionLoggerListener.log Command line argument: -Djava.io.tmpdir=C:\Program Files (x86)\apache\apache-tomcat9\temp
10-Dec-2017 20:54:29.010 정보 [main] org.apache.catalina.startup.VersionLoggerListener.log Command line argument: -Djava.util.logging.manager=org.apache.juli.ClassLoaderLogManager
10-Dec-2017 20:54:29.010 정보 [main] org.apache.catalina.startup.VersionLoggerListener.log Command line argument: -Djava.util.logging.config.file=C:\Program Files (x86)\apache\apache-tomcat9\conf\logging.properties
10-Dec-2017 20:54:29.010 정보 [main] org.apache.catalina.startup.VersionLoggerListener.log Command line argument: exit
10-Dec-2017 20:54:29.010 정보 [main] org.apache.catalina.startup.VersionLoggerListener.log Command line argument: -Xms128m
10-Dec-2017 20:54:29.010 정보 [main] org.apache.catalina.startup.VersionLoggerListener.log Command line argument: -Xmx256m
10-Dec-2017 20:54:29.010 정보 [main] org.apache.catalina.core.AprLifecycleListener.lifecycleEvent Loaded APR based Apache Tomcat Native library [1.2.12] using APR version [1.5.2].
10-Dec-2017 20:54:29.010 정보 [main] org.apache.catalina.core.AprLifecycleListener.lifecycleEvent APR capabilities: IPv6 [true], sendfile [true], accept filters [false], random [true].
10-Dec-2017 20:54:29.010 정보 [main] org.apache.catalina.core.AprLifecycleListener.lifecycleEvent APR/OpenSSL configuration: useAprConnector [false], useOpenSSL [true]
10-Dec-2017 20:54:29.608 정보 [main] org.apache.catalina.core.AprLifecycleListener.initializeSSL OpenSSL successfully initialized [OpenSSL 1.0.2k  26 Jan 2017]
10-Dec-2017 20:54:29.770 정보 [main] org.apache.coyote.AbstractProtocol.init Initializing ProtocolHandler ["http-nio-8099"]
10-Dec-2017 20:54:29.880 정보 [main] org.apache.tomcat.util.net.NioSelectorPool.getSharedSelector Using a shared selector for servlet write/read
10-Dec-2017 20:54:29.890 정보 [main] org.apache.coyote.AbstractProtocol.init Initializing ProtocolHandler ["ajp-nio-8009"]
10-Dec-2017 20:54:29.890 정보 [main] org.apache.tomcat.util.net.NioSelectorPool.getSharedSelector Using a shared selector for servlet write/read
10-Dec-2017 20:54:29.890 정보 [main] org.apache.catalina.startup.Catalina.load Initialization processed in 1286 ms
10-Dec-2017 20:54:29.925 정보 [main] org.apache.catalina.core.StandardService.startInternal Starting service [Catalina]
10-Dec-2017 20:54:29.925 정보 [main] org.apache.catalina.core.StandardEngine.startInternal Starting Servlet Engine: Apache Tomcat/9.0.0.M26
10-Dec-2017 20:54:29.930 정보 [main] org.apache.catalina.startup.HostConfig.deployDirectory Deploying web application directory [C:\Program Files (x86)\apache\apache-tomcat9\webapps\docs]
10-Dec-2017 20:54:30.240 정보 [main] org.apache.catalina.startup.HostConfig.deployDirectory Deployment of web application directory [C:\Program Files (x86)\apache\apache-tomcat9\webapps\docs] has finished in [310] ms
10-Dec-2017 20:54:30.240 정보 [main] org.apache.catalina.startup.HostConfig.deployDirectory Deploying web application directory [C:\Program Files (x86)\apache\apache-tomcat9\webapps\examples]
10-Dec-2017 20:54:30.553 정보 [main] org.apache.catalina.startup.HostConfig.deployDirectory Deployment of web application directory [C:\Program Files (x86)\apache\apache-tomcat9\webapps\examples] has finished in [313] ms
10-Dec-2017 20:54:30.553 정보 [main] org.apache.catalina.startup.HostConfig.deployDirectory Deploying web application directory [C:\Program Files (x86)\apache\apache-tomcat9\webapps\host-manager]
10-Dec-2017 20:54:30.588 정보 [main] org.apache.catalina.startup.HostConfig.deployDirectory Deployment of web application directory [C:\Program Files (x86)\apache\apache-tomcat9\webapps\host-manager] has finished in [35] ms
10-Dec-2017 20:54:30.590 정보 [main] org.apache.catalina.startup.HostConfig.deployDirectory Deploying web application directory [C:\Program Files (x86)\apache\apache-tomcat9\webapps\manager]
10-Dec-2017 20:54:30.623 정보 [main] org.apache.catalina.startup.HostConfig.deployDirectory Deployment of web application directory [C:\Program Files (x86)\apache\apache-tomcat9\webapps\manager] has finished in [30] ms
10-Dec-2017 20:54:30.623 정보 [main] org.apache.catalina.startup.HostConfig.deployDirectory Deploying web application directory [C:\Program Files (x86)\apache\apache-tomcat9\webapps\ROOT]
10-Dec-2017 20:54:30.643 정보 [main] org.apache.catalina.startup.HostConfig.deployDirectory Deployment of web application directory [C:\Program Files (x86)\apache\apache-tomcat9\webapps\ROOT] has finished in [20] ms
10-Dec-2017 20:54:30.645 정보 [main] org.apache.coyote.AbstractProtocol.start Starting ProtocolHandler ["http-nio-8099"]
10-Dec-2017 20:54:30.658 정보 [main] org.apache.coyote.AbstractProtocol.start Starting ProtocolHandler ["ajp-nio-8009"]
10-Dec-2017 20:54:30.658 정보 [main] org.apache.catalina.startup.Catalina.start Server startup in 760 ms
10-Dec-2017 21:02:25.001 정보 [Thread-6] org.apache.coyote.AbstractProtocol.pause Pausing ProtocolHandler ["http-nio-8099"]
10-Dec-2017 21:02:25.211 정보 [Thread-6] org.apache.coyote.AbstractProtocol.pause Pausing ProtocolHandler ["ajp-nio-8009"]
10-Dec-2017 21:02:25.451 정보 [Thread-6] org.apache.catalina.core.StandardService.stopInternal Stopping service [Catalina]
10-Dec-2017 21:02:25.508 정보 [Thread-6] org.apache.coyote.AbstractProtocol.stop Stopping ProtocolHandler ["http-nio-8099"]
10-Dec-2017 21:02:25.511 정보 [Thread-6] org.apache.coyote.AbstractProtocol.stop Stopping ProtocolHandler ["ajp-nio-8009"]
10-Dec-2017 21:02:35.726 정보 [main] org.apache.catalina.startup.VersionLoggerListener.log Server version:        Apache Tomcat/9.0.0.M26
10-Dec-2017 21:02:35.728 정보 [main] org.apache.catalina.startup.VersionLoggerListener.log Server built:          Aug 2 2017 20:29:05 UTC
10-Dec-2017 21:02:35.728 정보 [main] org.apache.catalina.startup.VersionLoggerListener.log Server number:         9.0.0.0
10-Dec-2017 21:02:35.728 정보 [main] org.apache.catalina.startup.VersionLoggerListener.log OS Name:               Windows 7
10-Dec-2017 21:02:35.728 정보 [main] org.apache.catalina.startup.VersionLoggerListener.log OS Version:            6.1
10-Dec-2017 21:02:35.728 정보 [main] org.apache.catalina.startup.VersionLoggerListener.log Architecture:          amd64
10-Dec-2017 21:02:35.731 정보 [main] org.apache.catalina.startup.VersionLoggerListener.log Java Home:             C:\Program Files\Java\jre1.8.0_144
10-Dec-2017 21:02:35.731 정보 [main] org.apache.catalina.startup.VersionLoggerListener.log JVM Version:           1.8.0_144-b01
10-Dec-2017 21:02:35.731 정보 [main] org.apache.catalina.startup.VersionLoggerListener.log JVM Vendor:            Oracle Corporation
10-Dec-2017 21:02:35.731 정보 [main] org.apache.catalina.startup.VersionLoggerListener.log CATALINA_BASE:         C:\Program Files (x86)\apache\apache-tomcat9
10-Dec-2017 21:02:35.731 정보 [main] org.apache.catalina.startup.VersionLoggerListener.log CATALINA_HOME:         C:\Program Files (x86)\apache\apache-tomcat9
10-Dec-2017 21:02:35.731 정보 [main] org.apache.catalina.startup.VersionLoggerListener.log Command line argument: -Dcatalina.home=C:\Program Files (x86)\apache\apache-tomcat9
10-Dec-2017 21:02:35.731 정보 [main] org.apache.catalina.startup.VersionLoggerListener.log Command line argument: -Dcatalina.base=C:\Program Files (x86)\apache\apache-tomcat9
10-Dec-2017 21:02:35.731 정보 [main] org.apache.catalina.startup.VersionLoggerListener.log Command line argument: -Djava.io.tmpdir=C:\Program Files (x86)\apache\apache-tomcat9\temp
10-Dec-2017 21:02:35.731 정보 [main] org.apache.catalina.startup.VersionLoggerListener.log Command line argument: -Djava.util.logging.manager=org.apache.juli.ClassLoaderLogManager
10-Dec-2017 21:02:35.731 정보 [main] org.apache.catalina.startup.VersionLoggerListener.log Command line argument: -Djava.util.logging.config.file=C:\Program Files (x86)\apache\apache-tomcat9\conf\logging.properties
10-Dec-2017 21:02:35.731 정보 [main] org.apache.catalina.startup.VersionLoggerListener.log Command line argument: exit
10-Dec-2017 21:02:35.731 정보 [main] org.apache.catalina.startup.VersionLoggerListener.log Command line argument: -Xms128m
10-Dec-2017 21:02:35.731 정보 [main] org.apache.catalina.startup.VersionLoggerListener.log Command line argument: -Xmx256m
10-Dec-2017 21:02:35.731 정보 [main] org.apache.catalina.core.AprLifecycleListener.lifecycleEvent Loaded APR based Apache Tomcat Native library [1.2.12] using APR version [1.5.2].
10-Dec-2017 21:02:35.731 정보 [main] org.apache.catalina.core.AprLifecycleListener.lifecycleEvent APR capabilities: IPv6 [true], sendfile [true], accept filters [false], random [true].
10-Dec-2017 21:02:35.731 정보 [main] org.apache.catalina.core.AprLifecycleListener.lifecycleEvent APR/OpenSSL configuration: useAprConnector [false], useOpenSSL [true]
10-Dec-2017 21:02:36.331 정보 [main] org.apache.catalina.core.AprLifecycleListener.initializeSSL OpenSSL successfully initialized [OpenSSL 1.0.2k  26 Jan 2017]
10-Dec-2017 21:02:36.471 정보 [main] org.apache.coyote.AbstractProtocol.init Initializing ProtocolHandler ["http-nio-8099"]
10-Dec-2017 21:02:36.591 정보 [main] org.apache.tomcat.util.net.NioSelectorPool.getSharedSelector Using a shared selector for servlet write/read
10-Dec-2017 21:02:36.601 정보 [main] org.apache.coyote.AbstractProtocol.init Initializing ProtocolHandler ["ajp-nio-8009"]
10-Dec-2017 21:02:36.601 정보 [main] org.apache.tomcat.util.net.NioSelectorPool.getSharedSelector Using a shared selector for servlet write/read
10-Dec-2017 21:02:36.601 정보 [main] org.apache.catalina.startup.Catalina.load Initialization processed in 1295 ms
10-Dec-2017 21:02:36.651 정보 [main] org.apache.catalina.core.StandardService.startInternal Starting service [Catalina]
10-Dec-2017 21:02:36.651 정보 [main] org.apache.catalina.core.StandardEngine.startInternal Starting Servlet Engine: Apache Tomcat/9.0.0.M26
10-Dec-2017 21:02:36.661 정보 [main] org.apache.catalina.startup.HostConfig.deployDirectory Deploying web application directory [C:\Program Files (x86)\apache\apache-tomcat9\webapps\docs]
10-Dec-2017 21:02:36.991 정보 [main] org.apache.catalina.startup.HostConfig.deployDirectory Deployment of web application directory [C:\Program Files (x86)\apache\apache-tomcat9\webapps\docs] has finished in [330] ms
10-Dec-2017 21:02:36.991 정보 [main] org.apache.catalina.startup.HostConfig.deployDirectory Deploying web application directory [C:\Program Files (x86)\apache\apache-tomcat9\webapps\examples]
10-Dec-2017 21:02:37.323 정보 [main] org.apache.catalina.startup.HostConfig.deployDirectory Deployment of web application directory [C:\Program Files (x86)\apache\apache-tomcat9\webapps\examples] has finished in [332] ms
10-Dec-2017 21:02:37.323 정보 [main] org.apache.catalina.startup.HostConfig.deployDirectory Deploying web application directory [C:\Program Files (x86)\apache\apache-tomcat9\webapps\host-manager]
10-Dec-2017 21:02:37.356 정보 [main] org.apache.catalina.startup.HostConfig.deployDirectory Deployment of web application directory [C:\Program Files (x86)\apache\apache-tomcat9\webapps\host-manager] has finished in [30] ms
10-Dec-2017 21:02:37.356 정보 [main] org.apache.catalina.startup.HostConfig.deployDirectory Deploying web application directory [C:\Program Files (x86)\apache\apache-tomcat9\webapps\manager]
10-Dec-2017 21:02:37.381 정보 [main] org.apache.catalina.startup.HostConfig.deployDirectory Deployment of web application directory [C:\Program Files (x86)\apache\apache-tomcat9\webapps\manager] has finished in [25] ms
10-Dec-2017 21:02:37.381 정보 [main] org.apache.catalina.startup.HostConfig.deployDirectory Deploying web application directory [C:\Program Files (x86)\apache\apache-tomcat9\webapps\ROOT]
10-Dec-2017 21:02:37.418 정보 [main] org.apache.catalina.startup.HostConfig.deployDirectory Deployment of web application directory [C:\Program Files (x86)\apache\apache-tomcat9\webapps\ROOT] has finished in [37] ms
10-Dec-2017 21:02:37.421 정보 [main] org.apache.coyote.AbstractProtocol.start Starting ProtocolHandler ["http-nio-8099"]
10-Dec-2017 21:02:37.431 정보 [main] org.apache.coyote.AbstractProtocol.start Starting ProtocolHandler ["ajp-nio-8009"]
10-Dec-2017 21:02:37.433 정보 [main] org.apache.catalina.startup.Catalina.start Server startup in 829 ms
10-Dec-2017 21:04:15.361 정보 [Thread-6] org.apache.coyote.AbstractProtocol.pause Pausing ProtocolHandler ["http-nio-8099"]
10-Dec-2017 21:04:15.601 정보 [Thread-6] org.apache.coyote.AbstractProtocol.pause Pausing ProtocolHandler ["ajp-nio-8009"]
10-Dec-2017 21:04:15.851 정보 [Thread-6] org.apache.catalina.core.StandardService.stopInternal Stopping service [Catalina]
10-Dec-2017 21:04:15.921 정보 [Thread-6] org.apache.coyote.AbstractProtocol.stop Stopping ProtocolHandler ["http-nio-8099"]
10-Dec-2017 21:04:15.921 정보 [Thread-6] org.apache.coyote.AbstractProtocol.stop Stopping ProtocolHandler ["ajp-nio-8009"]
10-Dec-2017 21:04:26.998 정보 [main] org.apache.catalina.startup.VersionLoggerListener.log Server version:        Apache Tomcat/9.0.0.M26
10-Dec-2017 21:04:27.008 정보 [main] org.apache.catalina.startup.VersionLoggerListener.log Server built:          Aug 2 2017 20:29:05 UTC
10-Dec-2017 21:04:27.008 정보 [main] org.apache.catalina.startup.VersionLoggerListener.log Server number:         9.0.0.0
10-Dec-2017 21:04:27.008 정보 [main] org.apache.catalina.startup.VersionLoggerListener.log OS Name:               Windows 7
10-Dec-2017 21:04:27.008 정보 [main] org.apache.catalina.startup.VersionLoggerListener.log OS Version:            6.1
10-Dec-2017 21:04:27.008 정보 [main] org.apache.catalina.startup.VersionLoggerListener.log Architecture:          amd64
10-Dec-2017 21:04:27.008 정보 [main] org.apache.catalina.startup.VersionLoggerListener.log Java Home:             C:\Program Files\Java\jre1.8.0_144
10-Dec-2017 21:04:27.008 정보 [main] org.apache.catalina.startup.VersionLoggerListener.log JVM Version:           1.8.0_144-b01
10-Dec-2017 21:04:27.008 정보 [main] org.apache.catalina.startup.VersionLoggerListener.log JVM Vendor:            Oracle Corporation
10-Dec-2017 21:04:27.008 정보 [main] org.apache.catalina.startup.VersionLoggerListener.log CATALINA_BASE:         C:\Program Files (x86)\apache\apache-tomcat9
10-Dec-2017 21:04:27.008 정보 [main] org.apache.catalina.startup.VersionLoggerListener.log CATALINA_HOME:         C:\Program Files (x86)\apache\apache-tomcat9
10-Dec-2017 21:04:27.008 정보 [main] org.apache.catalina.startup.VersionLoggerListener.log Command line argument: -Dcatalina.home=C:\Program Files (x86)\apache\apache-tomcat9
10-Dec-2017 21:04:27.008 정보 [main] org.apache.catalina.startup.VersionLoggerListener.log Command line argument: -Dcatalina.base=C:\Program Files (x86)\apache\apache-tomcat9
10-Dec-2017 21:04:27.008 정보 [main] org.apache.catalina.startup.VersionLoggerListener.log Command line argument: -Djava.io.tmpdir=C:\Program Files (x86)\apache\apache-tomcat9\temp
10-Dec-2017 21:04:27.008 정보 [main] org.apache.catalina.startup.VersionLoggerListener.log Command line argument: -Djava.util.logging.manager=org.apache.juli.ClassLoaderLogManager
10-Dec-2017 21:04:27.008 정보 [main] org.apache.catalina.startup.VersionLoggerListener.log Command line argument: -Djava.util.logging.config.file=C:\Program Files (x86)\apache\apache-tomcat9\conf\logging.properties
10-Dec-2017 21:04:27.008 정보 [main] org.apache.catalina.startup.VersionLoggerListener.log Command line argument: exit
10-Dec-2017 21:04:27.008 정보 [main] org.apache.catalina.startup.VersionLoggerListener.log Command line argument: -Xms128m
10-Dec-2017 21:04:27.008 정보 [main] org.apache.catalina.startup.VersionLoggerListener.log Command line argument: -Xmx256m
10-Dec-2017 21:04:27.008 정보 [main] org.apache.catalina.core.AprLifecycleListener.lifecycleEvent Loaded APR based Apache Tomcat Native library [1.2.12] using APR version [1.5.2].
10-Dec-2017 21:04:27.008 정보 [main] org.apache.catalina.core.AprLifecycleListener.lifecycleEvent APR capabilities: IPv6 [true], sendfile [true], accept filters [false], random [true].
10-Dec-2017 21:04:27.008 정보 [main] org.apache.catalina.core.AprLifecycleListener.lifecycleEvent APR/OpenSSL configuration: useAprConnector [false], useOpenSSL [true]
10-Dec-2017 21:04:27.583 정보 [main] org.apache.catalina.core.AprLifecycleListener.initializeSSL OpenSSL successfully initialized [OpenSSL 1.0.2k  26 Jan 2017]
10-Dec-2017 21:04:27.733 정보 [main] org.apache.coyote.AbstractProtocol.init Initializing ProtocolHandler ["http-nio-8099"]
10-Dec-2017 21:04:27.853 정보 [main] org.apache.tomcat.util.net.NioSelectorPool.getSharedSelector Using a shared selector for servlet write/read
10-Dec-2017 21:04:27.863 정보 [main] org.apache.coyote.AbstractProtocol.init Initializing ProtocolHandler ["ajp-nio-8009"]
10-Dec-2017 21:04:27.863 정보 [main] org.apache.tomcat.util.net.NioSelectorPool.getSharedSelector Using a shared selector for servlet write/read
10-Dec-2017 21:04:27.863 정보 [main] org.apache.catalina.startup.Catalina.load Initialization processed in 1289 ms
10-Dec-2017 21:04:27.893 정보 [main] org.apache.catalina.core.StandardService.startInternal Starting service [Catalina]
10-Dec-2017 21:04:27.893 정보 [main] org.apache.catalina.core.StandardEngine.startInternal Starting Servlet Engine: Apache Tomcat/9.0.0.M26
10-Dec-2017 21:04:27.903 정보 [main] org.apache.catalina.startup.HostConfig.deployDirectory Deploying web application directory [C:\Program Files (x86)\apache\apache-tomcat9\webapps\docs]
10-Dec-2017 21:04:28.216 정보 [main] org.apache.catalina.startup.HostConfig.deployDirectory Deployment of web application directory [C:\Program Files (x86)\apache\apache-tomcat9\webapps\docs] has finished in [313] ms
10-Dec-2017 21:04:28.216 정보 [main] org.apache.catalina.startup.HostConfig.deployDirectory Deploying web application directory [C:\Program Files (x86)\apache\apache-tomcat9\webapps\examples]
10-Dec-2017 21:04:28.568 정보 [main] org.apache.catalina.startup.HostConfig.deployDirectory Deployment of web application directory [C:\Program Files (x86)\apache\apache-tomcat9\webapps\examples] has finished in [352] ms
10-Dec-2017 21:04:28.568 정보 [main] org.apache.catalina.startup.HostConfig.deployDirectory Deploying web application directory [C:\Program Files (x86)\apache\apache-tomcat9\webapps\host-manager]
10-Dec-2017 21:04:28.598 정보 [main] org.apache.catalina.startup.HostConfig.deployDirectory Deployment of web application directory [C:\Program Files (x86)\apache\apache-tomcat9\webapps\host-manager] has finished in [30] ms
10-Dec-2017 21:04:28.598 정보 [main] org.apache.catalina.startup.HostConfig.deployDirectory Deploying web application directory [C:\Program Files (x86)\apache\apache-tomcat9\webapps\manager]
10-Dec-2017 21:04:28.628 정보 [main] org.apache.catalina.startup.HostConfig.deployDirectory Deployment of web application directory [C:\Program Files (x86)\apache\apache-tomcat9\webapps\manager] has finished in [30] ms
10-Dec-2017 21:04:28.638 정보 [main] org.apache.catalina.startup.HostConfig.deployDirectory Deploying web application directory [C:\Program Files (x86)\apache\apache-tomcat9\webapps\ROOT]
10-Dec-2017 21:04:28.668 정보 [main] org.apache.catalina.startup.HostConfig.deployDirectory Deployment of web application directory [C:\Program Files (x86)\apache\apache-tomcat9\webapps\ROOT] has finished in [30] ms
10-Dec-2017 21:04:28.678 정보 [main] org.apache.coyote.AbstractProtocol.start Starting ProtocolHandler ["http-nio-8099"]
10-Dec-2017 21:04:28.688 정보 [main] org.apache.coyote.AbstractProtocol.start Starting ProtocolHandler ["ajp-nio-8009"]
10-Dec-2017 21:04:28.688 정보 [main] org.apache.catalina.startup.Catalina.start Server startup in 816 ms
10-Dec-2017 21:34:31.805 정보 [Thread-6] org.apache.coyote.AbstractProtocol.pause Pausing ProtocolHandler ["http-nio-8099"]
10-Dec-2017 21:34:32.037 정보 [Thread-6] org.apache.coyote.AbstractProtocol.pause Pausing ProtocolHandler ["ajp-nio-8009"]
10-Dec-2017 21:34:32.257 정보 [Thread-6] org.apache.catalina.core.StandardService.stopInternal Stopping service [Catalina]
10-Dec-2017 21:34:32.317 정보 [Thread-6] org.apache.coyote.AbstractProtocol.stop Stopping ProtocolHandler ["http-nio-8099"]
10-Dec-2017 21:34:32.327 정보 [Thread-6] org.apache.coyote.AbstractProtocol.stop Stopping ProtocolHandler ["ajp-nio-8009"]
