26-Sep-2017 01:38:46.416 정보 [main] org.apache.catalina.startup.VersionLoggerListener.log Server version:        Apache Tomcat/9.0.0.M26
26-Sep-2017 01:38:46.421 정보 [main] org.apache.catalina.startup.VersionLoggerListener.log Server built:          Aug 2 2017 20:29:05 UTC
26-Sep-2017 01:38:46.421 정보 [main] org.apache.catalina.startup.VersionLoggerListener.log Server number:         9.0.0.0
26-Sep-2017 01:38:46.422 정보 [main] org.apache.catalina.startup.VersionLoggerListener.log OS Name:               Windows 7
26-Sep-2017 01:38:46.423 정보 [main] org.apache.catalina.startup.VersionLoggerListener.log OS Version:            6.1
26-Sep-2017 01:38:46.423 정보 [main] org.apache.catalina.startup.VersionLoggerListener.log Architecture:          amd64
26-Sep-2017 01:38:46.423 정보 [main] org.apache.catalina.startup.VersionLoggerListener.log Java Home:             C:\Program Files\Java\jre1.8.0_144
26-Sep-2017 01:38:46.423 정보 [main] org.apache.catalina.startup.VersionLoggerListener.log JVM Version:           1.8.0_144-b01
26-Sep-2017 01:38:46.423 정보 [main] org.apache.catalina.startup.VersionLoggerListener.log JVM Vendor:            Oracle Corporation
26-Sep-2017 01:38:46.423 정보 [main] org.apache.catalina.startup.VersionLoggerListener.log CATALINA_BASE:         C:\Program Files (x86)\apache\apache-tomcat9
26-Sep-2017 01:38:46.423 정보 [main] org.apache.catalina.startup.VersionLoggerListener.log CATALINA_HOME:         C:\Program Files (x86)\apache\apache-tomcat9
26-Sep-2017 01:38:46.424 정보 [main] org.apache.catalina.startup.VersionLoggerListener.log Command line argument: -Dcatalina.home=C:\Program Files (x86)\apache\apache-tomcat9
26-Sep-2017 01:38:46.424 정보 [main] org.apache.catalina.startup.VersionLoggerListener.log Command line argument: -Dcatalina.base=C:\Program Files (x86)\apache\apache-tomcat9
26-Sep-2017 01:38:46.424 정보 [main] org.apache.catalina.startup.VersionLoggerListener.log Command line argument: -Djava.io.tmpdir=C:\Program Files (x86)\apache\apache-tomcat9\temp
26-Sep-2017 01:38:46.424 정보 [main] org.apache.catalina.startup.VersionLoggerListener.log Command line argument: -Djava.util.logging.manager=org.apache.juli.ClassLoaderLogManager
26-Sep-2017 01:38:46.425 정보 [main] org.apache.catalina.startup.VersionLoggerListener.log Command line argument: -Djava.util.logging.config.file=C:\Program Files (x86)\apache\apache-tomcat9\conf\logging.properties
26-Sep-2017 01:38:46.425 정보 [main] org.apache.catalina.startup.VersionLoggerListener.log Command line argument: exit
26-Sep-2017 01:38:46.425 정보 [main] org.apache.catalina.startup.VersionLoggerListener.log Command line argument: -Xms128m
26-Sep-2017 01:38:46.425 정보 [main] org.apache.catalina.startup.VersionLoggerListener.log Command line argument: -Xmx256m
26-Sep-2017 01:38:46.425 정보 [main] org.apache.catalina.core.AprLifecycleListener.lifecycleEvent Loaded APR based Apache Tomcat Native library [1.2.12] using APR version [1.5.2].
26-Sep-2017 01:38:46.425 정보 [main] org.apache.catalina.core.AprLifecycleListener.lifecycleEvent APR capabilities: IPv6 [true], sendfile [true], accept filters [false], random [true].
26-Sep-2017 01:38:46.425 정보 [main] org.apache.catalina.core.AprLifecycleListener.lifecycleEvent APR/OpenSSL configuration: useAprConnector [false], useOpenSSL [true]
26-Sep-2017 01:38:47.285 정보 [main] org.apache.catalina.core.AprLifecycleListener.initializeSSL OpenSSL successfully initialized [OpenSSL 1.0.2k  26 Jan 2017]
26-Sep-2017 01:38:47.478 정보 [main] org.apache.coyote.AbstractProtocol.init Initializing ProtocolHandler ["http-nio-8099"]
26-Sep-2017 01:38:47.674 정보 [main] org.apache.tomcat.util.net.NioSelectorPool.getSharedSelector Using a shared selector for servlet write/read
26-Sep-2017 01:38:47.678 정보 [main] org.apache.coyote.AbstractProtocol.init Initializing ProtocolHandler ["ajp-nio-8009"]
26-Sep-2017 01:38:47.680 정보 [main] org.apache.tomcat.util.net.NioSelectorPool.getSharedSelector Using a shared selector for servlet write/read
26-Sep-2017 01:38:47.689 정보 [main] org.apache.catalina.startup.Catalina.load Initialization processed in 1872 ms
26-Sep-2017 01:38:47.737 정보 [main] org.apache.catalina.core.StandardService.startInternal Starting service [Catalina]
26-Sep-2017 01:38:47.737 정보 [main] org.apache.catalina.core.StandardEngine.startInternal Starting Servlet Engine: Apache Tomcat/9.0.0.M26
26-Sep-2017 01:38:47.747 정보 [main] org.apache.catalina.startup.HostConfig.deployDirectory Deploying web application directory [C:\Program Files (x86)\apache\apache-tomcat9\webapps\docs]
26-Sep-2017 01:38:48.287 정보 [main] org.apache.catalina.startup.HostConfig.deployDirectory Deployment of web application directory [C:\Program Files (x86)\apache\apache-tomcat9\webapps\docs] has finished in [540] ms
26-Sep-2017 01:38:48.288 정보 [main] org.apache.catalina.startup.HostConfig.deployDirectory Deploying web application directory [C:\Program Files (x86)\apache\apache-tomcat9\webapps\examples]
26-Sep-2017 01:38:48.790 정보 [main] org.apache.catalina.startup.HostConfig.deployDirectory Deployment of web application directory [C:\Program Files (x86)\apache\apache-tomcat9\webapps\examples] has finished in [502] ms
26-Sep-2017 01:38:48.791 정보 [main] org.apache.catalina.startup.HostConfig.deployDirectory Deploying web application directory [C:\Program Files (x86)\apache\apache-tomcat9\webapps\host-manager]
26-Sep-2017 01:38:48.837 정보 [main] org.apache.catalina.startup.HostConfig.deployDirectory Deployment of web application directory [C:\Program Files (x86)\apache\apache-tomcat9\webapps\host-manager] has finished in [46] ms
26-Sep-2017 01:38:48.837 정보 [main] org.apache.catalina.startup.HostConfig.deployDirectory Deploying web application directory [C:\Program Files (x86)\apache\apache-tomcat9\webapps\manager]
26-Sep-2017 01:38:48.875 정보 [main] org.apache.catalina.startup.HostConfig.deployDirectory Deployment of web application directory [C:\Program Files (x86)\apache\apache-tomcat9\webapps\manager] has finished in [37] ms
26-Sep-2017 01:38:48.875 정보 [main] org.apache.catalina.startup.HostConfig.deployDirectory Deploying web application directory [C:\Program Files (x86)\apache\apache-tomcat9\webapps\ROOT]
26-Sep-2017 01:38:48.922 정보 [main] org.apache.catalina.startup.HostConfig.deployDirectory Deployment of web application directory [C:\Program Files (x86)\apache\apache-tomcat9\webapps\ROOT] has finished in [46] ms
26-Sep-2017 01:38:48.926 정보 [main] org.apache.coyote.AbstractProtocol.start Starting ProtocolHandler ["http-nio-8099"]
26-Sep-2017 01:38:48.937 정보 [main] org.apache.coyote.AbstractProtocol.start Starting ProtocolHandler ["ajp-nio-8009"]
26-Sep-2017 01:38:48.939 정보 [main] org.apache.catalina.startup.Catalina.start Server startup in 1250 ms
26-Sep-2017 01:59:59.078 정보 [Thread-6] org.apache.coyote.AbstractProtocol.pause Pausing ProtocolHandler ["http-nio-8099"]
26-Sep-2017 01:59:59.243 정보 [Thread-6] org.apache.coyote.AbstractProtocol.pause Pausing ProtocolHandler ["ajp-nio-8009"]
26-Sep-2017 01:59:59.390 정보 [Thread-6] org.apache.catalina.core.StandardService.stopInternal Stopping service [Catalina]
26-Sep-2017 01:59:59.435 정보 [Thread-6] org.apache.coyote.AbstractProtocol.stop Stopping ProtocolHandler ["http-nio-8099"]
26-Sep-2017 01:59:59.440 정보 [Thread-6] org.apache.coyote.AbstractProtocol.stop Stopping ProtocolHandler ["ajp-nio-8009"]
26-Sep-2017 02:00:10.456 정보 [main] org.apache.catalina.startup.VersionLoggerListener.log Server version:        Apache Tomcat/9.0.0.M26
26-Sep-2017 02:00:10.466 정보 [main] org.apache.catalina.startup.VersionLoggerListener.log Server built:          Aug 2 2017 20:29:05 UTC
26-Sep-2017 02:00:10.466 정보 [main] org.apache.catalina.startup.VersionLoggerListener.log Server number:         9.0.0.0
26-Sep-2017 02:00:10.466 정보 [main] org.apache.catalina.startup.VersionLoggerListener.log OS Name:               Windows 7
26-Sep-2017 02:00:10.466 정보 [main] org.apache.catalina.startup.VersionLoggerListener.log OS Version:            6.1
26-Sep-2017 02:00:10.466 정보 [main] org.apache.catalina.startup.VersionLoggerListener.log Architecture:          amd64
26-Sep-2017 02:00:10.466 정보 [main] org.apache.catalina.startup.VersionLoggerListener.log Java Home:             C:\Program Files\Java\jre1.8.0_144
26-Sep-2017 02:00:10.468 정보 [main] org.apache.catalina.startup.VersionLoggerListener.log JVM Version:           1.8.0_144-b01
26-Sep-2017 02:00:10.468 정보 [main] org.apache.catalina.startup.VersionLoggerListener.log JVM Vendor:            Oracle Corporation
26-Sep-2017 02:00:10.468 정보 [main] org.apache.catalina.startup.VersionLoggerListener.log CATALINA_BASE:         C:\Program Files (x86)\apache\apache-tomcat9
26-Sep-2017 02:00:10.468 정보 [main] org.apache.catalina.startup.VersionLoggerListener.log CATALINA_HOME:         C:\Program Files (x86)\apache\apache-tomcat9
26-Sep-2017 02:00:10.468 정보 [main] org.apache.catalina.startup.VersionLoggerListener.log Command line argument: -Dcatalina.home=C:\Program Files (x86)\apache\apache-tomcat9
26-Sep-2017 02:00:10.468 정보 [main] org.apache.catalina.startup.VersionLoggerListener.log Command line argument: -Dcatalina.base=C:\Program Files (x86)\apache\apache-tomcat9
26-Sep-2017 02:00:10.468 정보 [main] org.apache.catalina.startup.VersionLoggerListener.log Command line argument: -Djava.io.tmpdir=C:\Program Files (x86)\apache\apache-tomcat9\temp
26-Sep-2017 02:00:10.468 정보 [main] org.apache.catalina.startup.VersionLoggerListener.log Command line argument: -Djava.util.logging.manager=org.apache.juli.ClassLoaderLogManager
26-Sep-2017 02:00:10.468 정보 [main] org.apache.catalina.startup.VersionLoggerListener.log Command line argument: -Djava.util.logging.config.file=C:\Program Files (x86)\apache\apache-tomcat9\conf\logging.properties
26-Sep-2017 02:00:10.468 정보 [main] org.apache.catalina.startup.VersionLoggerListener.log Command line argument: exit
26-Sep-2017 02:00:10.468 정보 [main] org.apache.catalina.startup.VersionLoggerListener.log Command line argument: -Xms128m
26-Sep-2017 02:00:10.468 정보 [main] org.apache.catalina.startup.VersionLoggerListener.log Command line argument: -Xmx256m
26-Sep-2017 02:00:10.468 정보 [main] org.apache.catalina.core.AprLifecycleListener.lifecycleEvent Loaded APR based Apache Tomcat Native library [1.2.12] using APR version [1.5.2].
26-Sep-2017 02:00:10.468 정보 [main] org.apache.catalina.core.AprLifecycleListener.lifecycleEvent APR capabilities: IPv6 [true], sendfile [true], accept filters [false], random [true].
26-Sep-2017 02:00:10.468 정보 [main] org.apache.catalina.core.AprLifecycleListener.lifecycleEvent APR/OpenSSL configuration: useAprConnector [false], useOpenSSL [true]
26-Sep-2017 02:00:11.168 정보 [main] org.apache.catalina.core.AprLifecycleListener.initializeSSL OpenSSL successfully initialized [OpenSSL 1.0.2k  26 Jan 2017]
26-Sep-2017 02:00:11.338 정보 [main] org.apache.coyote.AbstractProtocol.init Initializing ProtocolHandler ["http-nio-8099"]
26-Sep-2017 02:00:11.495 정보 [main] org.apache.tomcat.util.net.NioSelectorPool.getSharedSelector Using a shared selector for servlet write/read
26-Sep-2017 02:00:11.497 정보 [main] org.apache.coyote.AbstractProtocol.init Initializing ProtocolHandler ["ajp-nio-8009"]
26-Sep-2017 02:00:11.500 정보 [main] org.apache.tomcat.util.net.NioSelectorPool.getSharedSelector Using a shared selector for servlet write/read
26-Sep-2017 02:00:11.500 정보 [main] org.apache.catalina.startup.Catalina.load Initialization processed in 1550 ms
26-Sep-2017 02:00:11.540 정보 [main] org.apache.catalina.core.StandardService.startInternal Starting service [Catalina]
26-Sep-2017 02:00:11.540 정보 [main] org.apache.catalina.core.StandardEngine.startInternal Starting Servlet Engine: Apache Tomcat/9.0.0.M26
26-Sep-2017 02:00:11.552 정보 [main] org.apache.catalina.startup.HostConfig.deployDirectory Deploying web application directory [C:\Program Files (x86)\apache\apache-tomcat9\webapps\docs]
26-Sep-2017 02:00:11.979 정보 [main] org.apache.catalina.startup.HostConfig.deployDirectory Deployment of web application directory [C:\Program Files (x86)\apache\apache-tomcat9\webapps\docs] has finished in [426] ms
26-Sep-2017 02:00:11.979 정보 [main] org.apache.catalina.startup.HostConfig.deployDirectory Deploying web application directory [C:\Program Files (x86)\apache\apache-tomcat9\webapps\examples]
26-Sep-2017 02:00:12.424 정보 [main] org.apache.catalina.startup.HostConfig.deployDirectory Deployment of web application directory [C:\Program Files (x86)\apache\apache-tomcat9\webapps\examples] has finished in [444] ms
26-Sep-2017 02:00:12.425 정보 [main] org.apache.catalina.startup.HostConfig.deployDirectory Deploying web application directory [C:\Program Files (x86)\apache\apache-tomcat9\webapps\host-manager]
26-Sep-2017 02:00:12.471 정보 [main] org.apache.catalina.startup.HostConfig.deployDirectory Deployment of web application directory [C:\Program Files (x86)\apache\apache-tomcat9\webapps\host-manager] has finished in [47] ms
26-Sep-2017 02:00:12.472 정보 [main] org.apache.catalina.startup.HostConfig.deployDirectory Deploying web application directory [C:\Program Files (x86)\apache\apache-tomcat9\webapps\manager]
26-Sep-2017 02:00:12.505 정보 [main] org.apache.catalina.startup.HostConfig.deployDirectory Deployment of web application directory [C:\Program Files (x86)\apache\apache-tomcat9\webapps\manager] has finished in [33] ms
26-Sep-2017 02:00:12.505 정보 [main] org.apache.catalina.startup.HostConfig.deployDirectory Deploying web application directory [C:\Program Files (x86)\apache\apache-tomcat9\webapps\ROOT]
26-Sep-2017 02:00:12.534 정보 [main] org.apache.catalina.startup.HostConfig.deployDirectory Deployment of web application directory [C:\Program Files (x86)\apache\apache-tomcat9\webapps\ROOT] has finished in [28] ms
26-Sep-2017 02:00:12.537 정보 [main] org.apache.coyote.AbstractProtocol.start Starting ProtocolHandler ["http-nio-8099"]
26-Sep-2017 02:00:12.551 정보 [main] org.apache.coyote.AbstractProtocol.start Starting ProtocolHandler ["ajp-nio-8009"]
26-Sep-2017 02:00:12.555 정보 [main] org.apache.catalina.startup.Catalina.start Server startup in 1046 ms
26-Sep-2017 02:00:46.827 정보 [Thread-6] org.apache.coyote.AbstractProtocol.pause Pausing ProtocolHandler ["http-nio-8099"]
26-Sep-2017 02:00:47.040 정보 [Thread-6] org.apache.coyote.AbstractProtocol.pause Pausing ProtocolHandler ["ajp-nio-8009"]
26-Sep-2017 02:00:47.177 정보 [Thread-6] org.apache.catalina.core.StandardService.stopInternal Stopping service [Catalina]
26-Sep-2017 02:00:47.200 정보 [Thread-6] org.apache.coyote.AbstractProtocol.stop Stopping ProtocolHandler ["http-nio-8099"]
26-Sep-2017 02:00:47.205 정보 [Thread-6] org.apache.coyote.AbstractProtocol.stop Stopping ProtocolHandler ["ajp-nio-8009"]
26-Sep-2017 02:00:49.464 정보 [main] org.apache.catalina.startup.VersionLoggerListener.log Server version:        Apache Tomcat/9.0.0.M26
26-Sep-2017 02:00:49.471 정보 [main] org.apache.catalina.startup.VersionLoggerListener.log Server built:          Aug 2 2017 20:29:05 UTC
26-Sep-2017 02:00:49.471 정보 [main] org.apache.catalina.startup.VersionLoggerListener.log Server number:         9.0.0.0
26-Sep-2017 02:00:49.471 정보 [main] org.apache.catalina.startup.VersionLoggerListener.log OS Name:               Windows 7
26-Sep-2017 02:00:49.471 정보 [main] org.apache.catalina.startup.VersionLoggerListener.log OS Version:            6.1
26-Sep-2017 02:00:49.471 정보 [main] org.apache.catalina.startup.VersionLoggerListener.log Architecture:          amd64
26-Sep-2017 02:00:49.471 정보 [main] org.apache.catalina.startup.VersionLoggerListener.log Java Home:             C:\Program Files\Java\jre1.8.0_144
26-Sep-2017 02:00:49.471 정보 [main] org.apache.catalina.startup.VersionLoggerListener.log JVM Version:           1.8.0_144-b01
26-Sep-2017 02:00:49.471 정보 [main] org.apache.catalina.startup.VersionLoggerListener.log JVM Vendor:            Oracle Corporation
26-Sep-2017 02:00:49.474 정보 [main] org.apache.catalina.startup.VersionLoggerListener.log CATALINA_BASE:         C:\Program Files (x86)\apache\apache-tomcat9
26-Sep-2017 02:00:49.474 정보 [main] org.apache.catalina.startup.VersionLoggerListener.log CATALINA_HOME:         C:\Program Files (x86)\apache\apache-tomcat9
26-Sep-2017 02:00:49.474 정보 [main] org.apache.catalina.startup.VersionLoggerListener.log Command line argument: -Dcatalina.home=C:\Program Files (x86)\apache\apache-tomcat9
26-Sep-2017 02:00:49.474 정보 [main] org.apache.catalina.startup.VersionLoggerListener.log Command line argument: -Dcatalina.base=C:\Program Files (x86)\apache\apache-tomcat9
26-Sep-2017 02:00:49.474 정보 [main] org.apache.catalina.startup.VersionLoggerListener.log Command line argument: -Djava.io.tmpdir=C:\Program Files (x86)\apache\apache-tomcat9\temp
26-Sep-2017 02:00:49.474 정보 [main] org.apache.catalina.startup.VersionLoggerListener.log Command line argument: -Djava.util.logging.manager=org.apache.juli.ClassLoaderLogManager
26-Sep-2017 02:00:49.474 정보 [main] org.apache.catalina.startup.VersionLoggerListener.log Command line argument: -Djava.util.logging.config.file=C:\Program Files (x86)\apache\apache-tomcat9\conf\logging.properties
26-Sep-2017 02:00:49.474 정보 [main] org.apache.catalina.startup.VersionLoggerListener.log Command line argument: exit
26-Sep-2017 02:00:49.474 정보 [main] org.apache.catalina.startup.VersionLoggerListener.log Command line argument: -Xms128m
26-Sep-2017 02:00:49.474 정보 [main] org.apache.catalina.startup.VersionLoggerListener.log Command line argument: -Xmx256m
26-Sep-2017 02:00:49.474 정보 [main] org.apache.catalina.core.AprLifecycleListener.lifecycleEvent Loaded APR based Apache Tomcat Native library [1.2.12] using APR version [1.5.2].
26-Sep-2017 02:00:49.474 정보 [main] org.apache.catalina.core.AprLifecycleListener.lifecycleEvent APR capabilities: IPv6 [true], sendfile [true], accept filters [false], random [true].
26-Sep-2017 02:00:49.474 정보 [main] org.apache.catalina.core.AprLifecycleListener.lifecycleEvent APR/OpenSSL configuration: useAprConnector [false], useOpenSSL [true]
26-Sep-2017 02:00:50.191 정보 [main] org.apache.catalina.core.AprLifecycleListener.initializeSSL OpenSSL successfully initialized [OpenSSL 1.0.2k  26 Jan 2017]
26-Sep-2017 02:00:50.369 정보 [main] org.apache.coyote.AbstractProtocol.init Initializing ProtocolHandler ["http-nio-8099"]
26-Sep-2017 02:00:50.554 정보 [main] org.apache.tomcat.util.net.NioSelectorPool.getSharedSelector Using a shared selector for servlet write/read
26-Sep-2017 02:00:50.557 정보 [main] org.apache.coyote.AbstractProtocol.init Initializing ProtocolHandler ["ajp-nio-8009"]
26-Sep-2017 02:00:50.559 정보 [main] org.apache.tomcat.util.net.NioSelectorPool.getSharedSelector Using a shared selector for servlet write/read
26-Sep-2017 02:00:50.572 정보 [main] org.apache.catalina.startup.Catalina.load Initialization processed in 1601 ms
26-Sep-2017 02:00:50.614 정보 [main] org.apache.catalina.core.StandardService.startInternal Starting service [Catalina]
26-Sep-2017 02:00:50.614 정보 [main] org.apache.catalina.core.StandardEngine.startInternal Starting Servlet Engine: Apache Tomcat/9.0.0.M26
26-Sep-2017 02:00:50.625 정보 [main] org.apache.catalina.startup.HostConfig.deployDirectory Deploying web application directory [C:\Program Files (x86)\apache\apache-tomcat9\webapps\docs]
26-Sep-2017 02:00:51.101 정보 [main] org.apache.catalina.startup.HostConfig.deployDirectory Deployment of web application directory [C:\Program Files (x86)\apache\apache-tomcat9\webapps\docs] has finished in [476] ms
26-Sep-2017 02:00:51.103 정보 [main] org.apache.catalina.startup.HostConfig.deployDirectory Deploying web application directory [C:\Program Files (x86)\apache\apache-tomcat9\webapps\examples]
26-Sep-2017 02:00:51.581 정보 [main] org.apache.catalina.startup.HostConfig.deployDirectory Deployment of web application directory [C:\Program Files (x86)\apache\apache-tomcat9\webapps\examples] has finished in [480] ms
26-Sep-2017 02:00:51.582 정보 [main] org.apache.catalina.startup.HostConfig.deployDirectory Deploying web application directory [C:\Program Files (x86)\apache\apache-tomcat9\webapps\host-manager]
26-Sep-2017 02:00:51.647 정보 [main] org.apache.catalina.startup.HostConfig.deployDirectory Deployment of web application directory [C:\Program Files (x86)\apache\apache-tomcat9\webapps\host-manager] has finished in [65] ms
26-Sep-2017 02:00:51.648 정보 [main] org.apache.catalina.startup.HostConfig.deployDirectory Deploying web application directory [C:\Program Files (x86)\apache\apache-tomcat9\webapps\manager]
26-Sep-2017 02:00:51.689 정보 [main] org.apache.catalina.startup.HostConfig.deployDirectory Deployment of web application directory [C:\Program Files (x86)\apache\apache-tomcat9\webapps\manager] has finished in [41] ms
26-Sep-2017 02:00:51.692 정보 [main] org.apache.catalina.startup.HostConfig.deployDirectory Deploying web application directory [C:\Program Files (x86)\apache\apache-tomcat9\webapps\ROOT]
26-Sep-2017 02:00:51.717 정보 [main] org.apache.catalina.startup.HostConfig.deployDirectory Deployment of web application directory [C:\Program Files (x86)\apache\apache-tomcat9\webapps\ROOT] has finished in [25] ms
26-Sep-2017 02:00:51.722 정보 [main] org.apache.coyote.AbstractProtocol.start Starting ProtocolHandler ["http-nio-8099"]
26-Sep-2017 02:00:51.732 정보 [main] org.apache.coyote.AbstractProtocol.start Starting ProtocolHandler ["ajp-nio-8009"]
26-Sep-2017 02:00:51.735 정보 [main] org.apache.catalina.startup.Catalina.start Server startup in 1163 ms
26-Sep-2017 02:01:46.421 정보 [Thread-6] org.apache.coyote.AbstractProtocol.pause Pausing ProtocolHandler ["http-nio-8099"]
26-Sep-2017 02:01:46.596 정보 [Thread-6] org.apache.coyote.AbstractProtocol.pause Pausing ProtocolHandler ["ajp-nio-8009"]
26-Sep-2017 02:01:46.768 정보 [Thread-6] org.apache.catalina.core.StandardService.stopInternal Stopping service [Catalina]
26-Sep-2017 02:01:46.833 정보 [Thread-6] org.apache.coyote.AbstractProtocol.stop Stopping ProtocolHandler ["http-nio-8099"]
26-Sep-2017 02:01:46.838 정보 [Thread-6] org.apache.coyote.AbstractProtocol.stop Stopping ProtocolHandler ["ajp-nio-8009"]
26-Sep-2017 02:01:48.998 정보 [main] org.apache.catalina.startup.VersionLoggerListener.log Server version:        Apache Tomcat/9.0.0.M26
26-Sep-2017 02:01:49.003 정보 [main] org.apache.catalina.startup.VersionLoggerListener.log Server built:          Aug 2 2017 20:29:05 UTC
26-Sep-2017 02:01:49.005 정보 [main] org.apache.catalina.startup.VersionLoggerListener.log Server number:         9.0.0.0
26-Sep-2017 02:01:49.005 정보 [main] org.apache.catalina.startup.VersionLoggerListener.log OS Name:               Windows 7
26-Sep-2017 02:01:49.005 정보 [main] org.apache.catalina.startup.VersionLoggerListener.log OS Version:            6.1
26-Sep-2017 02:01:49.005 정보 [main] org.apache.catalina.startup.VersionLoggerListener.log Architecture:          amd64
26-Sep-2017 02:01:49.008 정보 [main] org.apache.catalina.startup.VersionLoggerListener.log Java Home:             C:\Program Files\Java\jre1.8.0_144
26-Sep-2017 02:01:49.008 정보 [main] org.apache.catalina.startup.VersionLoggerListener.log JVM Version:           1.8.0_144-b01
26-Sep-2017 02:01:49.008 정보 [main] org.apache.catalina.startup.VersionLoggerListener.log JVM Vendor:            Oracle Corporation
26-Sep-2017 02:01:49.008 정보 [main] org.apache.catalina.startup.VersionLoggerListener.log CATALINA_BASE:         C:\Program Files (x86)\apache\apache-tomcat9
26-Sep-2017 02:01:49.008 정보 [main] org.apache.catalina.startup.VersionLoggerListener.log CATALINA_HOME:         C:\Program Files (x86)\apache\apache-tomcat9
26-Sep-2017 02:01:49.008 정보 [main] org.apache.catalina.startup.VersionLoggerListener.log Command line argument: -Dcatalina.home=C:\Program Files (x86)\apache\apache-tomcat9
26-Sep-2017 02:01:49.008 정보 [main] org.apache.catalina.startup.VersionLoggerListener.log Command line argument: -Dcatalina.base=C:\Program Files (x86)\apache\apache-tomcat9
26-Sep-2017 02:01:49.008 정보 [main] org.apache.catalina.startup.VersionLoggerListener.log Command line argument: -Djava.io.tmpdir=C:\Program Files (x86)\apache\apache-tomcat9\temp
26-Sep-2017 02:01:49.008 정보 [main] org.apache.catalina.startup.VersionLoggerListener.log Command line argument: -Djava.util.logging.manager=org.apache.juli.ClassLoaderLogManager
26-Sep-2017 02:01:49.008 정보 [main] org.apache.catalina.startup.VersionLoggerListener.log Command line argument: -Djava.util.logging.config.file=C:\Program Files (x86)\apache\apache-tomcat9\conf\logging.properties
26-Sep-2017 02:01:49.010 정보 [main] org.apache.catalina.startup.VersionLoggerListener.log Command line argument: exit
26-Sep-2017 02:01:49.010 정보 [main] org.apache.catalina.startup.VersionLoggerListener.log Command line argument: -Xms128m
26-Sep-2017 02:01:49.010 정보 [main] org.apache.catalina.startup.VersionLoggerListener.log Command line argument: -Xmx256m
26-Sep-2017 02:01:49.010 정보 [main] org.apache.catalina.core.AprLifecycleListener.lifecycleEvent Loaded APR based Apache Tomcat Native library [1.2.12] using APR version [1.5.2].
26-Sep-2017 02:01:49.010 정보 [main] org.apache.catalina.core.AprLifecycleListener.lifecycleEvent APR capabilities: IPv6 [true], sendfile [true], accept filters [false], random [true].
26-Sep-2017 02:01:49.010 정보 [main] org.apache.catalina.core.AprLifecycleListener.lifecycleEvent APR/OpenSSL configuration: useAprConnector [false], useOpenSSL [true]
26-Sep-2017 02:01:49.717 정보 [main] org.apache.catalina.core.AprLifecycleListener.initializeSSL OpenSSL successfully initialized [OpenSSL 1.0.2k  26 Jan 2017]
26-Sep-2017 02:01:49.889 정보 [main] org.apache.coyote.AbstractProtocol.init Initializing ProtocolHandler ["http-nio-8099"]
26-Sep-2017 02:01:50.064 정보 [main] org.apache.tomcat.util.net.NioSelectorPool.getSharedSelector Using a shared selector for servlet write/read
26-Sep-2017 02:01:50.066 정보 [main] org.apache.coyote.AbstractProtocol.init Initializing ProtocolHandler ["ajp-nio-8009"]
26-Sep-2017 02:01:50.069 정보 [main] org.apache.tomcat.util.net.NioSelectorPool.getSharedSelector Using a shared selector for servlet write/read
26-Sep-2017 02:01:50.069 정보 [main] org.apache.catalina.startup.Catalina.load Initialization processed in 1542 ms
26-Sep-2017 02:01:50.111 정보 [main] org.apache.catalina.core.StandardService.startInternal Starting service [Catalina]
26-Sep-2017 02:01:50.111 정보 [main] org.apache.catalina.core.StandardEngine.startInternal Starting Servlet Engine: Apache Tomcat/9.0.0.M26
26-Sep-2017 02:01:50.121 정보 [main] org.apache.catalina.startup.HostConfig.deployDirectory Deploying web application directory [C:\Program Files (x86)\apache\apache-tomcat9\webapps\docs]
26-Sep-2017 02:01:50.550 정보 [main] org.apache.catalina.startup.HostConfig.deployDirectory Deployment of web application directory [C:\Program Files (x86)\apache\apache-tomcat9\webapps\docs] has finished in [427] ms
26-Sep-2017 02:01:50.550 정보 [main] org.apache.catalina.startup.HostConfig.deployDirectory Deploying web application directory [C:\Program Files (x86)\apache\apache-tomcat9\webapps\examples]
26-Sep-2017 02:01:50.964 정보 [main] org.apache.catalina.startup.HostConfig.deployDirectory Deployment of web application directory [C:\Program Files (x86)\apache\apache-tomcat9\webapps\examples] has finished in [414] ms
26-Sep-2017 02:01:50.964 정보 [main] org.apache.catalina.startup.HostConfig.deployDirectory Deploying web application directory [C:\Program Files (x86)\apache\apache-tomcat9\webapps\host-manager]
26-Sep-2017 02:01:51.016 정보 [main] org.apache.catalina.startup.HostConfig.deployDirectory Deployment of web application directory [C:\Program Files (x86)\apache\apache-tomcat9\webapps\host-manager] has finished in [52] ms
26-Sep-2017 02:01:51.017 정보 [main] org.apache.catalina.startup.HostConfig.deployDirectory Deploying web application directory [C:\Program Files (x86)\apache\apache-tomcat9\webapps\manager]
26-Sep-2017 02:01:51.061 정보 [main] org.apache.catalina.startup.HostConfig.deployDirectory Deployment of web application directory [C:\Program Files (x86)\apache\apache-tomcat9\webapps\manager] has finished in [45] ms
26-Sep-2017 02:01:51.061 정보 [main] org.apache.catalina.startup.HostConfig.deployDirectory Deploying web application directory [C:\Program Files (x86)\apache\apache-tomcat9\webapps\ROOT]
26-Sep-2017 02:01:51.082 정보 [main] org.apache.catalina.startup.HostConfig.deployDirectory Deployment of web application directory [C:\Program Files (x86)\apache\apache-tomcat9\webapps\ROOT] has finished in [21] ms
26-Sep-2017 02:01:51.086 정보 [main] org.apache.coyote.AbstractProtocol.start Starting ProtocolHandler ["http-nio-8099"]
26-Sep-2017 02:01:51.103 정보 [main] org.apache.coyote.AbstractProtocol.start Starting ProtocolHandler ["ajp-nio-8009"]
26-Sep-2017 02:01:51.107 정보 [main] org.apache.catalina.startup.Catalina.start Server startup in 1028 ms
26-Sep-2017 02:02:49.169 정보 [http-nio-8099-exec-3] org.apache.coyote.http11.Http11Processor.service Error parsing HTTP request header
 Note: further occurrences of HTTP header parsing errors will be logged at DEBUG level.
 java.lang.IllegalArgumentException: Invalid character found in method name. HTTP method names must be tokens
	at org.apache.coyote.http11.Http11InputBuffer.parseRequestLine(Http11InputBuffer.java:406)
	at org.apache.coyote.http11.Http11Processor.service(Http11Processor.java:380)
	at org.apache.coyote.AbstractProcessorLight.process(AbstractProcessorLight.java:66)
	at org.apache.coyote.AbstractProtocol$ConnectionHandler.process(AbstractProtocol.java:796)
	at org.apache.tomcat.util.net.NioEndpoint$SocketProcessor.doRun(NioEndpoint.java:1374)
	at org.apache.tomcat.util.net.SocketProcessorBase.run(SocketProcessorBase.java:49)
	at java.util.concurrent.ThreadPoolExecutor.runWorker(Unknown Source)
	at java.util.concurrent.ThreadPoolExecutor$Worker.run(Unknown Source)
	at org.apache.tomcat.util.threads.TaskThread$WrappingRunnable.run(TaskThread.java:61)
	at java.lang.Thread.run(Unknown Source)

26-Sep-2017 02:03:45.228 정보 [Thread-6] org.apache.coyote.AbstractProtocol.pause Pausing ProtocolHandler ["http-nio-8099"]
26-Sep-2017 02:03:45.458 정보 [Thread-6] org.apache.coyote.AbstractProtocol.pause Pausing ProtocolHandler ["ajp-nio-8009"]
26-Sep-2017 02:03:45.636 정보 [Thread-6] org.apache.catalina.core.StandardService.stopInternal Stopping service [Catalina]
26-Sep-2017 02:03:45.681 정보 [Thread-6] org.apache.coyote.AbstractProtocol.stop Stopping ProtocolHandler ["http-nio-8099"]
26-Sep-2017 02:03:45.685 정보 [Thread-6] org.apache.coyote.AbstractProtocol.stop Stopping ProtocolHandler ["ajp-nio-8009"]
26-Sep-2017 02:03:48.232 정보 [main] org.apache.catalina.startup.VersionLoggerListener.log Server version:        Apache Tomcat/9.0.0.M26
26-Sep-2017 02:03:48.237 정보 [main] org.apache.catalina.startup.VersionLoggerListener.log Server built:          Aug 2 2017 20:29:05 UTC
26-Sep-2017 02:03:48.237 정보 [main] org.apache.catalina.startup.VersionLoggerListener.log Server number:         9.0.0.0
26-Sep-2017 02:03:48.238 정보 [main] org.apache.catalina.startup.VersionLoggerListener.log OS Name:               Windows 7
26-Sep-2017 02:03:48.239 정보 [main] org.apache.catalina.startup.VersionLoggerListener.log OS Version:            6.1
26-Sep-2017 02:03:48.239 정보 [main] org.apache.catalina.startup.VersionLoggerListener.log Architecture:          amd64
26-Sep-2017 02:03:48.239 정보 [main] org.apache.catalina.startup.VersionLoggerListener.log Java Home:             C:\Program Files\Java\jre1.8.0_144
26-Sep-2017 02:03:48.239 정보 [main] org.apache.catalina.startup.VersionLoggerListener.log JVM Version:           1.8.0_144-b01
26-Sep-2017 02:03:48.239 정보 [main] org.apache.catalina.startup.VersionLoggerListener.log JVM Vendor:            Oracle Corporation
26-Sep-2017 02:03:48.239 정보 [main] org.apache.catalina.startup.VersionLoggerListener.log CATALINA_BASE:         C:\Program Files (x86)\apache\apache-tomcat9
26-Sep-2017 02:03:48.240 정보 [main] org.apache.catalina.startup.VersionLoggerListener.log CATALINA_HOME:         C:\Program Files (x86)\apache\apache-tomcat9
26-Sep-2017 02:03:48.240 정보 [main] org.apache.catalina.startup.VersionLoggerListener.log Command line argument: -Dcatalina.home=C:\Program Files (x86)\apache\apache-tomcat9
26-Sep-2017 02:03:48.241 정보 [main] org.apache.catalina.startup.VersionLoggerListener.log Command line argument: -Dcatalina.base=C:\Program Files (x86)\apache\apache-tomcat9
26-Sep-2017 02:03:48.241 정보 [main] org.apache.catalina.startup.VersionLoggerListener.log Command line argument: -Djava.io.tmpdir=C:\Program Files (x86)\apache\apache-tomcat9\temp
26-Sep-2017 02:03:48.242 정보 [main] org.apache.catalina.startup.VersionLoggerListener.log Command line argument: -Djava.util.logging.manager=org.apache.juli.ClassLoaderLogManager
26-Sep-2017 02:03:48.242 정보 [main] org.apache.catalina.startup.VersionLoggerListener.log Command line argument: -Djava.util.logging.config.file=C:\Program Files (x86)\apache\apache-tomcat9\conf\logging.properties
26-Sep-2017 02:03:48.242 정보 [main] org.apache.catalina.startup.VersionLoggerListener.log Command line argument: exit
26-Sep-2017 02:03:48.242 정보 [main] org.apache.catalina.startup.VersionLoggerListener.log Command line argument: -Xms128m
26-Sep-2017 02:03:48.242 정보 [main] org.apache.catalina.startup.VersionLoggerListener.log Command line argument: -Xmx256m
26-Sep-2017 02:03:48.242 정보 [main] org.apache.catalina.core.AprLifecycleListener.lifecycleEvent Loaded APR based Apache Tomcat Native library [1.2.12] using APR version [1.5.2].
26-Sep-2017 02:03:48.243 정보 [main] org.apache.catalina.core.AprLifecycleListener.lifecycleEvent APR capabilities: IPv6 [true], sendfile [true], accept filters [false], random [true].
26-Sep-2017 02:03:48.243 정보 [main] org.apache.catalina.core.AprLifecycleListener.lifecycleEvent APR/OpenSSL configuration: useAprConnector [false], useOpenSSL [true]
26-Sep-2017 02:03:48.962 정보 [main] org.apache.catalina.core.AprLifecycleListener.initializeSSL OpenSSL successfully initialized [OpenSSL 1.0.2k  26 Jan 2017]
26-Sep-2017 02:03:49.101 정보 [main] org.apache.coyote.AbstractProtocol.init Initializing ProtocolHandler ["http-nio-8099"]
26-Sep-2017 02:03:49.244 정보 [main] org.apache.tomcat.util.net.NioSelectorPool.getSharedSelector Using a shared selector for servlet write/read
26-Sep-2017 02:03:49.246 정보 [main] org.apache.coyote.AbstractProtocol.init Initializing ProtocolHandler ["ajp-nio-8009"]
26-Sep-2017 02:03:49.248 정보 [main] org.apache.tomcat.util.net.NioSelectorPool.getSharedSelector Using a shared selector for servlet write/read
26-Sep-2017 02:03:49.248 정보 [main] org.apache.catalina.startup.Catalina.load Initialization processed in 1855 ms
26-Sep-2017 02:03:49.286 정보 [main] org.apache.catalina.core.StandardService.startInternal Starting service [Catalina]
26-Sep-2017 02:03:49.286 정보 [main] org.apache.catalina.core.StandardEngine.startInternal Starting Servlet Engine: Apache Tomcat/9.0.0.M26
26-Sep-2017 02:03:49.294 정보 [main] org.apache.catalina.startup.HostConfig.deployDirectory Deploying web application directory [C:\Program Files (x86)\apache\apache-tomcat9\webapps\docs]
26-Sep-2017 02:03:49.626 정보 [main] org.apache.catalina.startup.HostConfig.deployDirectory Deployment of web application directory [C:\Program Files (x86)\apache\apache-tomcat9\webapps\docs] has finished in [332] ms
26-Sep-2017 02:03:49.627 정보 [main] org.apache.catalina.startup.HostConfig.deployDirectory Deploying web application directory [C:\Program Files (x86)\apache\apache-tomcat9\webapps\examples]
26-Sep-2017 02:03:49.970 정보 [main] org.apache.catalina.startup.HostConfig.deployDirectory Deployment of web application directory [C:\Program Files (x86)\apache\apache-tomcat9\webapps\examples] has finished in [343] ms
26-Sep-2017 02:03:49.970 정보 [main] org.apache.catalina.startup.HostConfig.deployDirectory Deploying web application directory [C:\Program Files (x86)\apache\apache-tomcat9\webapps\host-manager]
26-Sep-2017 02:03:50.007 정보 [main] org.apache.catalina.startup.HostConfig.deployDirectory Deployment of web application directory [C:\Program Files (x86)\apache\apache-tomcat9\webapps\host-manager] has finished in [36] ms
26-Sep-2017 02:03:50.007 정보 [main] org.apache.catalina.startup.HostConfig.deployDirectory Deploying web application directory [C:\Program Files (x86)\apache\apache-tomcat9\webapps\manager]
26-Sep-2017 02:03:50.036 정보 [main] org.apache.catalina.startup.HostConfig.deployDirectory Deployment of web application directory [C:\Program Files (x86)\apache\apache-tomcat9\webapps\manager] has finished in [29] ms
26-Sep-2017 02:03:50.037 정보 [main] org.apache.catalina.startup.HostConfig.deployDirectory Deploying web application directory [C:\Program Files (x86)\apache\apache-tomcat9\webapps\ROOT]
26-Sep-2017 02:03:50.054 정보 [main] org.apache.catalina.startup.HostConfig.deployDirectory Deployment of web application directory [C:\Program Files (x86)\apache\apache-tomcat9\webapps\ROOT] has finished in [18] ms
26-Sep-2017 02:03:50.057 정보 [main] org.apache.coyote.AbstractProtocol.start Starting ProtocolHandler ["http-nio-8099"]
26-Sep-2017 02:03:50.067 정보 [main] org.apache.coyote.AbstractProtocol.start Starting ProtocolHandler ["ajp-nio-8009"]
26-Sep-2017 02:03:50.072 정보 [main] org.apache.catalina.startup.Catalina.start Server startup in 825 ms
26-Sep-2017 03:02:57.642 정보 [Thread-6] org.apache.coyote.AbstractProtocol.pause Pausing ProtocolHandler ["http-nio-8099"]
26-Sep-2017 03:02:57.932 정보 [Thread-6] org.apache.coyote.AbstractProtocol.pause Pausing ProtocolHandler ["ajp-nio-8009"]
26-Sep-2017 03:02:58.199 정보 [Thread-6] org.apache.catalina.core.StandardService.stopInternal Stopping service [Catalina]
26-Sep-2017 03:02:58.282 정보 [Thread-6] org.apache.coyote.AbstractProtocol.stop Stopping ProtocolHandler ["http-nio-8099"]
26-Sep-2017 03:02:58.284 정보 [Thread-6] org.apache.coyote.AbstractProtocol.stop Stopping ProtocolHandler ["ajp-nio-8009"]
26-Sep-2017 03:17:23.571 정보 [main] org.apache.catalina.startup.VersionLoggerListener.log Server version:        Apache Tomcat/9.0.0.M26
26-Sep-2017 03:17:23.586 정보 [main] org.apache.catalina.startup.VersionLoggerListener.log Server built:          Aug 2 2017 20:29:05 UTC
26-Sep-2017 03:17:23.586 정보 [main] org.apache.catalina.startup.VersionLoggerListener.log Server number:         9.0.0.0
26-Sep-2017 03:17:23.586 정보 [main] org.apache.catalina.startup.VersionLoggerListener.log OS Name:               Windows 7
26-Sep-2017 03:17:23.586 정보 [main] org.apache.catalina.startup.VersionLoggerListener.log OS Version:            6.1
26-Sep-2017 03:17:23.586 정보 [main] org.apache.catalina.startup.VersionLoggerListener.log Architecture:          amd64
26-Sep-2017 03:17:23.586 정보 [main] org.apache.catalina.startup.VersionLoggerListener.log Java Home:             C:\Program Files\Java\jre1.8.0_144
26-Sep-2017 03:17:23.586 정보 [main] org.apache.catalina.startup.VersionLoggerListener.log JVM Version:           1.8.0_144-b01
26-Sep-2017 03:17:23.586 정보 [main] org.apache.catalina.startup.VersionLoggerListener.log JVM Vendor:            Oracle Corporation
26-Sep-2017 03:17:23.586 정보 [main] org.apache.catalina.startup.VersionLoggerListener.log CATALINA_BASE:         C:\Program Files (x86)\apache\apache-tomcat9
26-Sep-2017 03:17:23.586 정보 [main] org.apache.catalina.startup.VersionLoggerListener.log CATALINA_HOME:         C:\Program Files (x86)\apache\apache-tomcat9
26-Sep-2017 03:17:23.586 정보 [main] org.apache.catalina.startup.VersionLoggerListener.log Command line argument: -Dcatalina.home=C:\Program Files (x86)\apache\apache-tomcat9
26-Sep-2017 03:17:23.586 정보 [main] org.apache.catalina.startup.VersionLoggerListener.log Command line argument: -Dcatalina.base=C:\Program Files (x86)\apache\apache-tomcat9
26-Sep-2017 03:17:23.586 정보 [main] org.apache.catalina.startup.VersionLoggerListener.log Command line argument: -Djava.io.tmpdir=C:\Program Files (x86)\apache\apache-tomcat9\temp
26-Sep-2017 03:17:23.586 정보 [main] org.apache.catalina.startup.VersionLoggerListener.log Command line argument: -Djava.util.logging.manager=org.apache.juli.ClassLoaderLogManager
26-Sep-2017 03:17:23.586 정보 [main] org.apache.catalina.startup.VersionLoggerListener.log Command line argument: -Djava.util.logging.config.file=C:\Program Files (x86)\apache\apache-tomcat9\conf\logging.properties
26-Sep-2017 03:17:23.586 정보 [main] org.apache.catalina.startup.VersionLoggerListener.log Command line argument: exit
26-Sep-2017 03:17:23.586 정보 [main] org.apache.catalina.startup.VersionLoggerListener.log Command line argument: -Xms128m
26-Sep-2017 03:17:23.586 정보 [main] org.apache.catalina.startup.VersionLoggerListener.log Command line argument: -Xmx256m
26-Sep-2017 03:17:23.586 정보 [main] org.apache.catalina.core.AprLifecycleListener.lifecycleEvent Loaded APR based Apache Tomcat Native library [1.2.12] using APR version [1.5.2].
26-Sep-2017 03:17:23.586 정보 [main] org.apache.catalina.core.AprLifecycleListener.lifecycleEvent APR capabilities: IPv6 [true], sendfile [true], accept filters [false], random [true].
26-Sep-2017 03:17:23.586 정보 [main] org.apache.catalina.core.AprLifecycleListener.lifecycleEvent APR/OpenSSL configuration: useAprConnector [false], useOpenSSL [true]
26-Sep-2017 03:17:24.179 정보 [main] org.apache.catalina.core.AprLifecycleListener.initializeSSL OpenSSL successfully initialized [OpenSSL 1.0.2k  26 Jan 2017]
26-Sep-2017 03:17:24.320 정보 [main] org.apache.coyote.AbstractProtocol.init Initializing ProtocolHandler ["http-nio-8099"]
26-Sep-2017 03:17:24.444 정보 [main] org.apache.tomcat.util.net.NioSelectorPool.getSharedSelector Using a shared selector for servlet write/read
26-Sep-2017 03:17:24.444 정보 [main] org.apache.coyote.AbstractProtocol.init Initializing ProtocolHandler ["ajp-nio-8009"]
26-Sep-2017 03:17:24.444 정보 [main] org.apache.tomcat.util.net.NioSelectorPool.getSharedSelector Using a shared selector for servlet write/read
26-Sep-2017 03:17:24.444 정보 [main] org.apache.catalina.startup.Catalina.load Initialization processed in 1258 ms
26-Sep-2017 03:17:24.491 정보 [main] org.apache.catalina.core.StandardService.startInternal Starting service [Catalina]
26-Sep-2017 03:17:24.491 정보 [main] org.apache.catalina.core.StandardEngine.startInternal Starting Servlet Engine: Apache Tomcat/9.0.0.M26
26-Sep-2017 03:17:24.491 정보 [main] org.apache.catalina.startup.HostConfig.deployDirectory Deploying web application directory [C:\Program Files (x86)\apache\apache-tomcat9\webapps\docs]
26-Sep-2017 03:17:24.850 정보 [main] org.apache.catalina.startup.HostConfig.deployDirectory Deployment of web application directory [C:\Program Files (x86)\apache\apache-tomcat9\webapps\docs] has finished in [359] ms
26-Sep-2017 03:17:24.850 정보 [main] org.apache.catalina.startup.HostConfig.deployDirectory Deploying web application directory [C:\Program Files (x86)\apache\apache-tomcat9\webapps\examples]
26-Sep-2017 03:17:25.162 정보 [main] org.apache.catalina.startup.HostConfig.deployDirectory Deployment of web application directory [C:\Program Files (x86)\apache\apache-tomcat9\webapps\examples] has finished in [312] ms
26-Sep-2017 03:17:25.162 정보 [main] org.apache.catalina.startup.HostConfig.deployDirectory Deploying web application directory [C:\Program Files (x86)\apache\apache-tomcat9\webapps\host-manager]
26-Sep-2017 03:17:25.193 정보 [main] org.apache.catalina.startup.HostConfig.deployDirectory Deployment of web application directory [C:\Program Files (x86)\apache\apache-tomcat9\webapps\host-manager] has finished in [31] ms
26-Sep-2017 03:17:25.193 정보 [main] org.apache.catalina.startup.HostConfig.deployDirectory Deploying web application directory [C:\Program Files (x86)\apache\apache-tomcat9\webapps\manager]
26-Sep-2017 03:17:25.224 정보 [main] org.apache.catalina.startup.HostConfig.deployDirectory Deployment of web application directory [C:\Program Files (x86)\apache\apache-tomcat9\webapps\manager] has finished in [31] ms
26-Sep-2017 03:17:25.224 정보 [main] org.apache.catalina.startup.HostConfig.deployDirectory Deploying web application directory [C:\Program Files (x86)\apache\apache-tomcat9\webapps\ROOT]
26-Sep-2017 03:17:25.256 정보 [main] org.apache.catalina.startup.HostConfig.deployDirectory Deployment of web application directory [C:\Program Files (x86)\apache\apache-tomcat9\webapps\ROOT] has finished in [32] ms
26-Sep-2017 03:17:25.256 정보 [main] org.apache.coyote.AbstractProtocol.start Starting ProtocolHandler ["http-nio-8099"]
26-Sep-2017 03:17:25.271 정보 [main] org.apache.coyote.AbstractProtocol.start Starting ProtocolHandler ["ajp-nio-8009"]
26-Sep-2017 03:17:25.271 정보 [main] org.apache.catalina.startup.Catalina.start Server startup in 822 ms
26-Sep-2017 03:47:53.281 정보 [Thread-6] org.apache.coyote.AbstractProtocol.pause Pausing ProtocolHandler ["http-nio-8099"]
26-Sep-2017 03:47:53.421 정보 [Thread-6] org.apache.coyote.AbstractProtocol.pause Pausing ProtocolHandler ["ajp-nio-8009"]
26-Sep-2017 03:47:53.562 정보 [Thread-6] org.apache.catalina.core.StandardService.stopInternal Stopping service [Catalina]
26-Sep-2017 03:47:53.577 정보 [Thread-6] org.apache.coyote.AbstractProtocol.stop Stopping ProtocolHandler ["http-nio-8099"]
26-Sep-2017 03:47:53.577 정보 [Thread-6] org.apache.coyote.AbstractProtocol.stop Stopping ProtocolHandler ["ajp-nio-8009"]
