15-Sep-2017 01:53:02.983 정보 [main] org.apache.catalina.startup.VersionLoggerListener.log Server version:        Apache Tomcat/9.0.0.M26
15-Sep-2017 01:53:02.987 정보 [main] org.apache.catalina.startup.VersionLoggerListener.log Server built:          Aug 2 2017 20:29:05 UTC
15-Sep-2017 01:53:02.987 정보 [main] org.apache.catalina.startup.VersionLoggerListener.log Server number:         9.0.0.0
15-Sep-2017 01:53:02.987 정보 [main] org.apache.catalina.startup.VersionLoggerListener.log OS Name:               Windows 7
15-Sep-2017 01:53:02.987 정보 [main] org.apache.catalina.startup.VersionLoggerListener.log OS Version:            6.1
15-Sep-2017 01:53:02.987 정보 [main] org.apache.catalina.startup.VersionLoggerListener.log Architecture:          amd64
15-Sep-2017 01:53:02.987 정보 [main] org.apache.catalina.startup.VersionLoggerListener.log Java Home:             C:\Program Files\Java\jre1.8.0_144
15-Sep-2017 01:53:02.989 정보 [main] org.apache.catalina.startup.VersionLoggerListener.log JVM Version:           1.8.0_144-b01
15-Sep-2017 01:53:02.989 정보 [main] org.apache.catalina.startup.VersionLoggerListener.log JVM Vendor:            Oracle Corporation
15-Sep-2017 01:53:02.989 정보 [main] org.apache.catalina.startup.VersionLoggerListener.log CATALINA_BASE:         C:\Program Files (x86)\apache\apache-tomcat9
15-Sep-2017 01:53:02.989 정보 [main] org.apache.catalina.startup.VersionLoggerListener.log CATALINA_HOME:         C:\Program Files (x86)\apache\apache-tomcat9
15-Sep-2017 01:53:02.989 정보 [main] org.apache.catalina.startup.VersionLoggerListener.log Command line argument: -Dcatalina.home=C:\Program Files (x86)\apache\apache-tomcat9
15-Sep-2017 01:53:02.989 정보 [main] org.apache.catalina.startup.VersionLoggerListener.log Command line argument: -Dcatalina.base=C:\Program Files (x86)\apache\apache-tomcat9
15-Sep-2017 01:53:02.990 정보 [main] org.apache.catalina.startup.VersionLoggerListener.log Command line argument: -Djava.io.tmpdir=C:\Program Files (x86)\apache\apache-tomcat9\temp
15-Sep-2017 01:53:02.990 정보 [main] org.apache.catalina.startup.VersionLoggerListener.log Command line argument: -Djava.util.logging.manager=org.apache.juli.ClassLoaderLogManager
15-Sep-2017 01:53:02.990 정보 [main] org.apache.catalina.startup.VersionLoggerListener.log Command line argument: -Djava.util.logging.config.file=C:\Program Files (x86)\apache\apache-tomcat9\conf\logging.properties
15-Sep-2017 01:53:02.990 정보 [main] org.apache.catalina.startup.VersionLoggerListener.log Command line argument: exit
15-Sep-2017 01:53:02.990 정보 [main] org.apache.catalina.startup.VersionLoggerListener.log Command line argument: -Xms128m
15-Sep-2017 01:53:02.990 정보 [main] org.apache.catalina.startup.VersionLoggerListener.log Command line argument: -Xmx256m
15-Sep-2017 01:53:02.990 정보 [main] org.apache.catalina.core.AprLifecycleListener.lifecycleEvent Loaded APR based Apache Tomcat Native library [1.2.12] using APR version [1.5.2].
15-Sep-2017 01:53:02.990 정보 [main] org.apache.catalina.core.AprLifecycleListener.lifecycleEvent APR capabilities: IPv6 [true], sendfile [true], accept filters [false], random [true].
15-Sep-2017 01:53:02.990 정보 [main] org.apache.catalina.core.AprLifecycleListener.lifecycleEvent APR/OpenSSL configuration: useAprConnector [false], useOpenSSL [true]
15-Sep-2017 01:53:03.594 정보 [main] org.apache.catalina.core.AprLifecycleListener.initializeSSL OpenSSL successfully initialized [OpenSSL 1.0.2k  26 Jan 2017]
15-Sep-2017 01:53:03.721 정보 [main] org.apache.coyote.AbstractProtocol.init Initializing ProtocolHandler ["http-nio-8080"]
15-Sep-2017 01:53:03.861 정보 [main] org.apache.tomcat.util.net.NioSelectorPool.getSharedSelector Using a shared selector for servlet write/read
15-Sep-2017 01:53:03.864 정보 [main] org.apache.coyote.AbstractProtocol.init Initializing ProtocolHandler ["ajp-nio-8009"]
15-Sep-2017 01:53:03.865 정보 [main] org.apache.tomcat.util.net.NioSelectorPool.getSharedSelector Using a shared selector for servlet write/read
15-Sep-2017 01:53:03.865 정보 [main] org.apache.catalina.startup.Catalina.load Initialization processed in 1263 ms
15-Sep-2017 01:53:03.889 정보 [main] org.apache.catalina.core.StandardService.startInternal Starting service [Catalina]
15-Sep-2017 01:53:03.889 정보 [main] org.apache.catalina.core.StandardEngine.startInternal Starting Servlet Engine: Apache Tomcat/9.0.0.M26
15-Sep-2017 01:53:03.897 정보 [main] org.apache.catalina.startup.HostConfig.deployDirectory Deploying web application directory [C:\Program Files (x86)\apache\apache-tomcat9\webapps\docs]
15-Sep-2017 01:53:04.252 정보 [main] org.apache.catalina.startup.HostConfig.deployDirectory Deployment of web application directory [C:\Program Files (x86)\apache\apache-tomcat9\webapps\docs] has finished in [354] ms
15-Sep-2017 01:53:04.252 정보 [main] org.apache.catalina.startup.HostConfig.deployDirectory Deploying web application directory [C:\Program Files (x86)\apache\apache-tomcat9\webapps\examples]
15-Sep-2017 01:53:04.529 정보 [main] org.apache.catalina.startup.HostConfig.deployDirectory Deployment of web application directory [C:\Program Files (x86)\apache\apache-tomcat9\webapps\examples] has finished in [276] ms
15-Sep-2017 01:53:04.530 정보 [main] org.apache.catalina.startup.HostConfig.deployDirectory Deploying web application directory [C:\Program Files (x86)\apache\apache-tomcat9\webapps\host-manager]
15-Sep-2017 01:53:04.574 정보 [main] org.apache.catalina.startup.HostConfig.deployDirectory Deployment of web application directory [C:\Program Files (x86)\apache\apache-tomcat9\webapps\host-manager] has finished in [45] ms
15-Sep-2017 01:53:04.575 정보 [main] org.apache.catalina.startup.HostConfig.deployDirectory Deploying web application directory [C:\Program Files (x86)\apache\apache-tomcat9\webapps\manager]
15-Sep-2017 01:53:04.599 정보 [main] org.apache.catalina.startup.HostConfig.deployDirectory Deployment of web application directory [C:\Program Files (x86)\apache\apache-tomcat9\webapps\manager] has finished in [24] ms
15-Sep-2017 01:53:04.599 정보 [main] org.apache.catalina.startup.HostConfig.deployDirectory Deploying web application directory [C:\Program Files (x86)\apache\apache-tomcat9\webapps\ROOT]
15-Sep-2017 01:53:04.623 정보 [main] org.apache.catalina.startup.HostConfig.deployDirectory Deployment of web application directory [C:\Program Files (x86)\apache\apache-tomcat9\webapps\ROOT] has finished in [24] ms
15-Sep-2017 01:53:04.627 정보 [main] org.apache.coyote.AbstractProtocol.start Starting ProtocolHandler ["http-nio-8080"]
15-Sep-2017 01:53:04.637 정보 [main] org.apache.coyote.AbstractProtocol.start Starting ProtocolHandler ["ajp-nio-8009"]
15-Sep-2017 01:53:04.640 정보 [main] org.apache.catalina.startup.Catalina.start Server startup in 774 ms
15-Sep-2017 02:05:19.803 정보 [Thread-6] org.apache.coyote.AbstractProtocol.pause Pausing ProtocolHandler ["http-nio-8080"]
15-Sep-2017 02:05:20.092 정보 [Thread-6] org.apache.coyote.AbstractProtocol.pause Pausing ProtocolHandler ["ajp-nio-8009"]
15-Sep-2017 02:05:20.365 정보 [Thread-6] org.apache.catalina.core.StandardService.stopInternal Stopping service [Catalina]
15-Sep-2017 02:05:20.446 정보 [Thread-6] org.apache.coyote.AbstractProtocol.stop Stopping ProtocolHandler ["http-nio-8080"]
15-Sep-2017 02:05:20.451 정보 [Thread-6] org.apache.coyote.AbstractProtocol.stop Stopping ProtocolHandler ["ajp-nio-8009"]
15-Sep-2017 02:05:22.325 정보 [main] org.apache.catalina.startup.VersionLoggerListener.log Server version:        Apache Tomcat/9.0.0.M26
15-Sep-2017 02:05:22.331 정보 [main] org.apache.catalina.startup.VersionLoggerListener.log Server built:          Aug 2 2017 20:29:05 UTC
15-Sep-2017 02:05:22.331 정보 [main] org.apache.catalina.startup.VersionLoggerListener.log Server number:         9.0.0.0
15-Sep-2017 02:05:22.331 정보 [main] org.apache.catalina.startup.VersionLoggerListener.log OS Name:               Windows 7
15-Sep-2017 02:05:22.331 정보 [main] org.apache.catalina.startup.VersionLoggerListener.log OS Version:            6.1
15-Sep-2017 02:05:22.331 정보 [main] org.apache.catalina.startup.VersionLoggerListener.log Architecture:          amd64
15-Sep-2017 02:05:22.331 정보 [main] org.apache.catalina.startup.VersionLoggerListener.log Java Home:             C:\Program Files\Java\jre1.8.0_144
15-Sep-2017 02:05:22.331 정보 [main] org.apache.catalina.startup.VersionLoggerListener.log JVM Version:           1.8.0_144-b01
15-Sep-2017 02:05:22.332 정보 [main] org.apache.catalina.startup.VersionLoggerListener.log JVM Vendor:            Oracle Corporation
15-Sep-2017 02:05:22.332 정보 [main] org.apache.catalina.startup.VersionLoggerListener.log CATALINA_BASE:         C:\Program Files (x86)\apache\apache-tomcat9
15-Sep-2017 02:05:22.332 정보 [main] org.apache.catalina.startup.VersionLoggerListener.log CATALINA_HOME:         C:\Program Files (x86)\apache\apache-tomcat9
15-Sep-2017 02:05:22.332 정보 [main] org.apache.catalina.startup.VersionLoggerListener.log Command line argument: -Dcatalina.home=C:\Program Files (x86)\apache\apache-tomcat9
15-Sep-2017 02:05:22.332 정보 [main] org.apache.catalina.startup.VersionLoggerListener.log Command line argument: -Dcatalina.base=C:\Program Files (x86)\apache\apache-tomcat9
15-Sep-2017 02:05:22.332 정보 [main] org.apache.catalina.startup.VersionLoggerListener.log Command line argument: -Djava.io.tmpdir=C:\Program Files (x86)\apache\apache-tomcat9\temp
15-Sep-2017 02:05:22.333 정보 [main] org.apache.catalina.startup.VersionLoggerListener.log Command line argument: -Djava.util.logging.manager=org.apache.juli.ClassLoaderLogManager
15-Sep-2017 02:05:22.333 정보 [main] org.apache.catalina.startup.VersionLoggerListener.log Command line argument: -Djava.util.logging.config.file=C:\Program Files (x86)\apache\apache-tomcat9\conf\logging.properties
15-Sep-2017 02:05:22.333 정보 [main] org.apache.catalina.startup.VersionLoggerListener.log Command line argument: exit
15-Sep-2017 02:05:22.333 정보 [main] org.apache.catalina.startup.VersionLoggerListener.log Command line argument: -Xms128m
15-Sep-2017 02:05:22.333 정보 [main] org.apache.catalina.startup.VersionLoggerListener.log Command line argument: -Xmx256m
15-Sep-2017 02:05:22.333 정보 [main] org.apache.catalina.core.AprLifecycleListener.lifecycleEvent Loaded APR based Apache Tomcat Native library [1.2.12] using APR version [1.5.2].
15-Sep-2017 02:05:22.333 정보 [main] org.apache.catalina.core.AprLifecycleListener.lifecycleEvent APR capabilities: IPv6 [true], sendfile [true], accept filters [false], random [true].
15-Sep-2017 02:05:22.333 정보 [main] org.apache.catalina.core.AprLifecycleListener.lifecycleEvent APR/OpenSSL configuration: useAprConnector [false], useOpenSSL [true]
15-Sep-2017 02:05:22.970 정보 [main] org.apache.catalina.core.AprLifecycleListener.initializeSSL OpenSSL successfully initialized [OpenSSL 1.0.2k  26 Jan 2017]
15-Sep-2017 02:05:23.119 정보 [main] org.apache.coyote.AbstractProtocol.init Initializing ProtocolHandler ["http-nio-8080"]
15-Sep-2017 02:05:23.264 정보 [main] org.apache.tomcat.util.net.NioSelectorPool.getSharedSelector Using a shared selector for servlet write/read
15-Sep-2017 02:05:23.267 정보 [main] org.apache.coyote.AbstractProtocol.init Initializing ProtocolHandler ["ajp-nio-8009"]
15-Sep-2017 02:05:23.269 정보 [main] org.apache.tomcat.util.net.NioSelectorPool.getSharedSelector Using a shared selector for servlet write/read
15-Sep-2017 02:05:23.269 정보 [main] org.apache.catalina.startup.Catalina.load Initialization processed in 1340 ms
15-Sep-2017 02:05:23.312 정보 [main] org.apache.catalina.core.StandardService.startInternal Starting service [Catalina]
15-Sep-2017 02:05:23.312 정보 [main] org.apache.catalina.core.StandardEngine.startInternal Starting Servlet Engine: Apache Tomcat/9.0.0.M26
15-Sep-2017 02:05:23.319 정보 [main] org.apache.catalina.startup.HostConfig.deployDirectory Deploying web application directory [C:\Program Files (x86)\apache\apache-tomcat9\webapps\docs]
15-Sep-2017 02:05:23.655 정보 [main] org.apache.catalina.startup.HostConfig.deployDirectory Deployment of web application directory [C:\Program Files (x86)\apache\apache-tomcat9\webapps\docs] has finished in [335] ms
15-Sep-2017 02:05:23.655 정보 [main] org.apache.catalina.startup.HostConfig.deployDirectory Deploying web application directory [C:\Program Files (x86)\apache\apache-tomcat9\webapps\examples]
15-Sep-2017 02:05:23.974 정보 [main] org.apache.catalina.startup.HostConfig.deployDirectory Deployment of web application directory [C:\Program Files (x86)\apache\apache-tomcat9\webapps\examples] has finished in [319] ms
15-Sep-2017 02:05:23.974 정보 [main] org.apache.catalina.startup.HostConfig.deployDirectory Deploying web application directory [C:\Program Files (x86)\apache\apache-tomcat9\webapps\host-manager]
15-Sep-2017 02:05:24.007 정보 [main] org.apache.catalina.startup.HostConfig.deployDirectory Deployment of web application directory [C:\Program Files (x86)\apache\apache-tomcat9\webapps\host-manager] has finished in [33] ms
15-Sep-2017 02:05:24.008 정보 [main] org.apache.catalina.startup.HostConfig.deployDirectory Deploying web application directory [C:\Program Files (x86)\apache\apache-tomcat9\webapps\manager]
15-Sep-2017 02:05:24.036 정보 [main] org.apache.catalina.startup.HostConfig.deployDirectory Deployment of web application directory [C:\Program Files (x86)\apache\apache-tomcat9\webapps\manager] has finished in [27] ms
15-Sep-2017 02:05:24.036 정보 [main] org.apache.catalina.startup.HostConfig.deployDirectory Deploying web application directory [C:\Program Files (x86)\apache\apache-tomcat9\webapps\ROOT]
15-Sep-2017 02:05:24.066 정보 [main] org.apache.catalina.startup.HostConfig.deployDirectory Deployment of web application directory [C:\Program Files (x86)\apache\apache-tomcat9\webapps\ROOT] has finished in [30] ms
15-Sep-2017 02:05:24.070 정보 [main] org.apache.coyote.AbstractProtocol.start Starting ProtocolHandler ["http-nio-8080"]
15-Sep-2017 02:05:24.081 정보 [main] org.apache.coyote.AbstractProtocol.start Starting ProtocolHandler ["ajp-nio-8009"]
15-Sep-2017 02:05:24.083 정보 [main] org.apache.catalina.startup.Catalina.start Server startup in 813 ms
15-Sep-2017 02:09:36.456 정보 [Thread-6] org.apache.coyote.AbstractProtocol.pause Pausing ProtocolHandler ["http-nio-8080"]
15-Sep-2017 02:09:36.731 정보 [Thread-6] org.apache.coyote.AbstractProtocol.pause Pausing ProtocolHandler ["ajp-nio-8009"]
15-Sep-2017 02:09:37.000 정보 [Thread-6] org.apache.catalina.core.StandardService.stopInternal Stopping service [Catalina]
15-Sep-2017 02:09:37.168 정보 [Thread-6] org.apache.coyote.AbstractProtocol.stop Stopping ProtocolHandler ["http-nio-8080"]
15-Sep-2017 02:09:37.177 정보 [Thread-6] org.apache.coyote.AbstractProtocol.stop Stopping ProtocolHandler ["ajp-nio-8009"]
15-Sep-2017 02:14:59.141 정보 [main] org.apache.catalina.startup.VersionLoggerListener.log Server version:        Apache Tomcat/9.0.0.M26
15-Sep-2017 02:14:59.144 정보 [main] org.apache.catalina.startup.VersionLoggerListener.log Server built:          Aug 2 2017 20:29:05 UTC
15-Sep-2017 02:14:59.144 정보 [main] org.apache.catalina.startup.VersionLoggerListener.log Server number:         9.0.0.0
15-Sep-2017 02:14:59.144 정보 [main] org.apache.catalina.startup.VersionLoggerListener.log OS Name:               Windows 7
15-Sep-2017 02:14:59.145 정보 [main] org.apache.catalina.startup.VersionLoggerListener.log OS Version:            6.1
15-Sep-2017 02:14:59.145 정보 [main] org.apache.catalina.startup.VersionLoggerListener.log Architecture:          amd64
15-Sep-2017 02:14:59.145 정보 [main] org.apache.catalina.startup.VersionLoggerListener.log Java Home:             C:\Program Files\Java\jre1.8.0_144
15-Sep-2017 02:14:59.145 정보 [main] org.apache.catalina.startup.VersionLoggerListener.log JVM Version:           1.8.0_144-b01
15-Sep-2017 02:14:59.145 정보 [main] org.apache.catalina.startup.VersionLoggerListener.log JVM Vendor:            Oracle Corporation
15-Sep-2017 02:14:59.145 정보 [main] org.apache.catalina.startup.VersionLoggerListener.log CATALINA_BASE:         C:\Program Files (x86)\apache\apache-tomcat9
15-Sep-2017 02:14:59.145 정보 [main] org.apache.catalina.startup.VersionLoggerListener.log CATALINA_HOME:         C:\Program Files (x86)\apache\apache-tomcat9
15-Sep-2017 02:14:59.146 정보 [main] org.apache.catalina.startup.VersionLoggerListener.log Command line argument: -Dcatalina.home=C:\Program Files (x86)\apache\apache-tomcat9
15-Sep-2017 02:14:59.146 정보 [main] org.apache.catalina.startup.VersionLoggerListener.log Command line argument: -Dcatalina.base=C:\Program Files (x86)\apache\apache-tomcat9
15-Sep-2017 02:14:59.146 정보 [main] org.apache.catalina.startup.VersionLoggerListener.log Command line argument: -Djava.io.tmpdir=C:\Program Files (x86)\apache\apache-tomcat9\temp
15-Sep-2017 02:14:59.146 정보 [main] org.apache.catalina.startup.VersionLoggerListener.log Command line argument: -Djava.util.logging.manager=org.apache.juli.ClassLoaderLogManager
15-Sep-2017 02:14:59.146 정보 [main] org.apache.catalina.startup.VersionLoggerListener.log Command line argument: -Djava.util.logging.config.file=C:\Program Files (x86)\apache\apache-tomcat9\conf\logging.properties
15-Sep-2017 02:14:59.146 정보 [main] org.apache.catalina.startup.VersionLoggerListener.log Command line argument: exit
15-Sep-2017 02:14:59.146 정보 [main] org.apache.catalina.startup.VersionLoggerListener.log Command line argument: -Xms128m
15-Sep-2017 02:14:59.146 정보 [main] org.apache.catalina.startup.VersionLoggerListener.log Command line argument: -Xmx256m
15-Sep-2017 02:14:59.146 정보 [main] org.apache.catalina.core.AprLifecycleListener.lifecycleEvent Loaded APR based Apache Tomcat Native library [1.2.12] using APR version [1.5.2].
15-Sep-2017 02:14:59.147 정보 [main] org.apache.catalina.core.AprLifecycleListener.lifecycleEvent APR capabilities: IPv6 [true], sendfile [true], accept filters [false], random [true].
15-Sep-2017 02:14:59.147 정보 [main] org.apache.catalina.core.AprLifecycleListener.lifecycleEvent APR/OpenSSL configuration: useAprConnector [false], useOpenSSL [true]
15-Sep-2017 02:14:59.741 정보 [main] org.apache.catalina.core.AprLifecycleListener.initializeSSL OpenSSL successfully initialized [OpenSSL 1.0.2k  26 Jan 2017]
15-Sep-2017 02:14:59.861 정보 [main] org.apache.coyote.AbstractProtocol.init Initializing ProtocolHandler ["http-nio-8099"]
15-Sep-2017 02:14:59.978 정보 [main] org.apache.tomcat.util.net.NioSelectorPool.getSharedSelector Using a shared selector for servlet write/read
15-Sep-2017 02:14:59.980 정보 [main] org.apache.coyote.AbstractProtocol.init Initializing ProtocolHandler ["ajp-nio-8009"]
15-Sep-2017 02:14:59.982 정보 [main] org.apache.tomcat.util.net.NioSelectorPool.getSharedSelector Using a shared selector for servlet write/read
15-Sep-2017 02:14:59.982 정보 [main] org.apache.catalina.startup.Catalina.load Initialization processed in 1224 ms
15-Sep-2017 02:15:00.018 정보 [main] org.apache.catalina.core.StandardService.startInternal Starting service [Catalina]
15-Sep-2017 02:15:00.019 정보 [main] org.apache.catalina.core.StandardEngine.startInternal Starting Servlet Engine: Apache Tomcat/9.0.0.M26
15-Sep-2017 02:15:00.029 정보 [main] org.apache.catalina.startup.HostConfig.deployDirectory Deploying web application directory [C:\Program Files (x86)\apache\apache-tomcat9\webapps\docs]
15-Sep-2017 02:15:00.388 정보 [main] org.apache.catalina.startup.HostConfig.deployDirectory Deployment of web application directory [C:\Program Files (x86)\apache\apache-tomcat9\webapps\docs] has finished in [360] ms
15-Sep-2017 02:15:00.389 정보 [main] org.apache.catalina.startup.HostConfig.deployDirectory Deploying web application directory [C:\Program Files (x86)\apache\apache-tomcat9\webapps\examples]
15-Sep-2017 02:15:00.722 정보 [main] org.apache.catalina.startup.HostConfig.deployDirectory Deployment of web application directory [C:\Program Files (x86)\apache\apache-tomcat9\webapps\examples] has finished in [332] ms
15-Sep-2017 02:15:00.722 정보 [main] org.apache.catalina.startup.HostConfig.deployDirectory Deploying web application directory [C:\Program Files (x86)\apache\apache-tomcat9\webapps\host-manager]
15-Sep-2017 02:15:00.755 정보 [main] org.apache.catalina.startup.HostConfig.deployDirectory Deployment of web application directory [C:\Program Files (x86)\apache\apache-tomcat9\webapps\host-manager] has finished in [32] ms
15-Sep-2017 02:15:00.755 정보 [main] org.apache.catalina.startup.HostConfig.deployDirectory Deploying web application directory [C:\Program Files (x86)\apache\apache-tomcat9\webapps\manager]
15-Sep-2017 02:15:00.782 정보 [main] org.apache.catalina.startup.HostConfig.deployDirectory Deployment of web application directory [C:\Program Files (x86)\apache\apache-tomcat9\webapps\manager] has finished in [27] ms
15-Sep-2017 02:15:00.782 정보 [main] org.apache.catalina.startup.HostConfig.deployDirectory Deploying web application directory [C:\Program Files (x86)\apache\apache-tomcat9\webapps\ROOT]
15-Sep-2017 02:15:00.815 정보 [main] org.apache.catalina.startup.HostConfig.deployDirectory Deployment of web application directory [C:\Program Files (x86)\apache\apache-tomcat9\webapps\ROOT] has finished in [32] ms
15-Sep-2017 02:15:00.818 정보 [main] org.apache.coyote.AbstractProtocol.start Starting ProtocolHandler ["http-nio-8099"]
15-Sep-2017 02:15:00.828 정보 [main] org.apache.coyote.AbstractProtocol.start Starting ProtocolHandler ["ajp-nio-8009"]
15-Sep-2017 02:15:00.832 정보 [main] org.apache.catalina.startup.Catalina.start Server startup in 849 ms
15-Sep-2017 02:15:37.604 정보 [Thread-6] org.apache.coyote.AbstractProtocol.pause Pausing ProtocolHandler ["http-nio-8099"]
15-Sep-2017 02:15:37.760 정보 [Thread-6] org.apache.coyote.AbstractProtocol.pause Pausing ProtocolHandler ["ajp-nio-8009"]
15-Sep-2017 02:15:37.916 정보 [Thread-6] org.apache.catalina.core.StandardService.stopInternal Stopping service [Catalina]
15-Sep-2017 02:15:37.932 정보 [Thread-6] org.apache.coyote.AbstractProtocol.stop Stopping ProtocolHandler ["http-nio-8099"]
15-Sep-2017 02:15:37.932 정보 [Thread-6] org.apache.coyote.AbstractProtocol.stop Stopping ProtocolHandler ["ajp-nio-8009"]
