[2017-12-10 20:50:21] [info]  [ 2412] Commons Daemon procrun (1.0.15.0 64-bit) started
[2017-12-10 20:50:21] [info]  [ 2412] Running 'Tomcat9' Service...
[2017-12-10 20:50:21] [info]  [ 8472] Starting service...
[2017-12-10 20:50:22] [info]  [ 8472] Service started in 1563 ms.
[2017-12-10 20:53:54] [info]  [11440] Stopping service...
[2017-12-10 20:53:55] [info]  [11440] Service stop thread completed.
[2017-12-10 20:53:55] [info]  [ 2412] Run service finished.
[2017-12-10 20:53:55] [info]  [ 2412] Commons Daemon procrun finished
[2017-12-10 20:54:28] [info]  [ 8840] Commons Daemon procrun (1.0.15.0 64-bit) started
[2017-12-10 20:54:28] [info]  [ 8840] Running 'Tomcat9' Service...
[2017-12-10 20:54:28] [info]  [ 6572] Starting service...
[2017-12-10 20:54:29] [info]  [ 6572] Service started in 1405 ms.
[2017-12-10 21:02:24] [info]  [ 1872] Stopping service...
[2017-12-10 21:02:26] [info]  [ 1872] Service stop thread completed.
[2017-12-10 21:02:26] [info]  [ 8840] Run service finished.
[2017-12-10 21:02:26] [info]  [ 8840] Commons Daemon procrun finished
[2017-12-10 21:02:34] [info]  [10788] Commons Daemon procrun (1.0.15.0 64-bit) started
[2017-12-10 21:02:34] [info]  [10788] Running 'Tomcat9' Service...
[2017-12-10 21:02:34] [info]  [ 9696] Starting service...
[2017-12-10 21:02:36] [info]  [ 9696] Service started in 1262 ms.
[2017-12-10 21:04:15] [info]  [10376] Stopping service...
[2017-12-10 21:04:16] [info]  [10376] Service stop thread completed.
[2017-12-10 21:04:16] [info]  [10788] Run service finished.
[2017-12-10 21:04:16] [info]  [10788] Commons Daemon procrun finished
[2017-12-10 21:04:26] [info]  [11288] Commons Daemon procrun (1.0.15.0 64-bit) started
[2017-12-10 21:04:26] [info]  [11288] Running 'Tomcat9' Service...
[2017-12-10 21:04:26] [info]  [ 8412] Starting service...
[2017-12-10 21:04:27] [info]  [ 8412] Service started in 1262 ms.
[2017-12-10 21:34:31] [info]  [11424] Stopping service...
[2017-12-10 21:34:32] [info]  [11424] Service stop thread completed.
[2017-12-10 21:34:33] [info]  [11288] Run service finished.
[2017-12-10 21:34:33] [info]  [11288] Commons Daemon procrun finished
