[2017-09-27 22:06:19] [info]  [ 4436] Commons Daemon procrun (1.0.15.0 64-bit) started
[2017-09-27 22:06:19] [info]  [ 4436] Running 'Tomcat9' Service...
[2017-09-27 22:06:19] [info]  [ 1860] Starting service...
[2017-09-27 22:06:20] [info]  [ 1860] Service started in 1279 ms.
[2017-09-27 22:07:31] [info]  [ 5508] Stopping service...
[2017-09-27 22:07:32] [info]  [ 5508] Service stop thread completed.
[2017-09-27 22:07:32] [info]  [ 4436] Run service finished.
[2017-09-27 22:07:32] [info]  [ 4436] Commons Daemon procrun finished
[2017-09-27 22:07:32] [info]  [ 4992] Commons Daemon procrun (1.0.15.0 64-bit) started
[2017-09-27 22:07:33] [info]  [ 4992] Running 'Tomcat9' Service...
[2017-09-27 22:07:33] [info]  [ 3996] Starting service...
[2017-09-27 22:07:34] [info]  [ 3996] Service started in 1288 ms.
[2017-09-27 22:09:03] [info]  [ 6104] Stopping service...
[2017-09-27 22:09:04] [info]  [ 6104] Service stop thread completed.
[2017-09-27 22:09:04] [info]  [ 4992] Run service finished.
[2017-09-27 22:09:04] [info]  [ 4992] Commons Daemon procrun finished
[2017-09-27 22:09:04] [info]  [ 3736] Commons Daemon procrun (1.0.15.0 64-bit) started
[2017-09-27 22:09:04] [info]  [ 3736] Running 'Tomcat9' Service...
[2017-09-27 22:09:04] [info]  [ 7240] Starting service...
[2017-09-27 22:09:06] [info]  [ 7240] Service started in 1236 ms.
[2017-09-27 22:12:36] [info]  [  528] Stopping service...
[2017-09-27 22:12:37] [info]  [  528] Service stop thread completed.
[2017-09-27 22:12:37] [info]  [ 3736] Run service finished.
[2017-09-27 22:12:37] [info]  [ 3736] Commons Daemon procrun finished
[2017-09-27 22:12:38] [info]  [ 7720] Commons Daemon procrun (1.0.15.0 64-bit) started
[2017-09-27 22:12:38] [info]  [ 7720] Running 'Tomcat9' Service...
[2017-09-27 22:12:38] [info]  [ 5500] Starting service...
[2017-09-27 22:12:39] [info]  [ 5500] Service started in 1224 ms.
[2017-09-27 22:18:57] [info]  [ 7100] Stopping service...
[2017-09-27 22:18:58] [info]  [ 7100] Service stop thread completed.
[2017-09-27 22:18:58] [info]  [ 7720] Run service finished.
[2017-09-27 22:18:58] [info]  [ 7720] Commons Daemon procrun finished
[2017-09-27 22:21:36] [info]  [ 6220] Commons Daemon procrun (1.0.15.0 64-bit) started
[2017-09-27 22:21:36] [info]  [ 6220] Running 'Tomcat9' Service...
[2017-09-27 22:21:36] [info]  [ 8160] Starting service...
[2017-09-27 22:21:38] [info]  [ 8160] Service started in 1272 ms.
[2017-09-27 22:37:25] [info]  [ 7436] Stopping service...
[2017-09-27 22:37:27] [info]  [ 7436] Service stop thread completed.
[2017-09-27 22:37:27] [info]  [ 6220] Run service finished.
[2017-09-27 22:37:27] [info]  [ 6220] Commons Daemon procrun finished
