[2017-09-26 01:38:45] [info]  [ 3888] Commons Daemon procrun (1.0.15.0 64-bit) started
[2017-09-26 01:38:45] [info]  [ 3888] Running 'Tomcat9' Service...
[2017-09-26 01:38:45] [info]  [ 5980] Starting service...
[2017-09-26 01:38:46] [info]  [ 5980] Service started in 1322 ms.
[2017-09-26 01:59:59] [info]  [ 6520] Stopping service...
[2017-09-26 02:00:00] [info]  [ 6520] Service stop thread completed.
[2017-09-26 02:00:00] [info]  [ 3888] Run service finished.
[2017-09-26 02:00:00] [info]  [ 3888] Commons Daemon procrun finished
[2017-09-26 02:00:09] [info]  [ 6176] Commons Daemon procrun (1.0.15.0 64-bit) started
[2017-09-26 02:00:09] [info]  [ 6176] Running 'Tomcat9' Service...
[2017-09-26 02:00:09] [info]  [ 5348] Starting service...
[2017-09-26 02:00:10] [info]  [ 5348] Service started in 1293 ms.
[2017-09-26 02:00:46] [info]  [ 6428] Stopping service...
[2017-09-26 02:00:47] [info]  [ 6428] Service stop thread completed.
[2017-09-26 02:00:48] [info]  [ 6176] Run service finished.
[2017-09-26 02:00:48] [info]  [ 6176] Commons Daemon procrun finished
[2017-09-26 02:00:48] [info]  [ 2140] Commons Daemon procrun (1.0.15.0 64-bit) started
[2017-09-26 02:00:48] [info]  [ 2140] Running 'Tomcat9' Service...
[2017-09-26 02:00:48] [info]  [ 6944] Starting service...
[2017-09-26 02:00:49] [info]  [ 6944] Service started in 1319 ms.
[2017-09-26 02:01:46] [info]  [ 5980] Stopping service...
[2017-09-26 02:01:47] [info]  [ 5980] Service stop thread completed.
[2017-09-26 02:01:47] [info]  [ 2140] Run service finished.
[2017-09-26 02:01:47] [info]  [ 2140] Commons Daemon procrun finished
[2017-09-26 02:01:48] [info]  [ 3988] Commons Daemon procrun (1.0.15.0 64-bit) started
[2017-09-26 02:01:48] [info]  [ 3988] Running 'Tomcat9' Service...
[2017-09-26 02:01:48] [info]  [ 1444] Starting service...
[2017-09-26 02:01:49] [info]  [ 1444] Service started in 1299 ms.
[2017-09-26 02:03:45] [info]  [ 5428] Stopping service...
[2017-09-26 02:03:46] [info]  [ 5428] Service stop thread completed.
[2017-09-26 02:03:46] [info]  [ 3988] Run service finished.
[2017-09-26 02:03:46] [info]  [ 3988] Commons Daemon procrun finished
[2017-09-26 02:03:46] [info]  [ 6288] Commons Daemon procrun (1.0.15.0 64-bit) started
[2017-09-26 02:03:47] [info]  [ 6288] Running 'Tomcat9' Service...
[2017-09-26 02:03:47] [info]  [ 1072] Starting service...
[2017-09-26 02:03:48] [info]  [ 1072] Service started in 1307 ms.
[2017-09-26 03:02:57] [info]  [ 6048] Stopping service...
[2017-09-26 03:02:58] [info]  [ 6048] Service stop thread completed.
[2017-09-26 03:02:58] [info]  [ 6288] Run service finished.
[2017-09-26 03:02:58] [info]  [ 6288] Commons Daemon procrun finished
[2017-09-26 03:17:22] [info]  [ 2764] Commons Daemon procrun (1.0.15.0 64-bit) started
[2017-09-26 03:17:22] [info]  [ 2764] Running 'Tomcat9' Service...
[2017-09-26 03:17:22] [info]  [ 4328] Starting service...
[2017-09-26 03:17:24] [info]  [ 4328] Service started in 1360 ms.
[2017-09-26 03:47:53] [info]  [ 7912] Console SHUTDOWN event signaled
[2017-09-26 03:47:53] [info]  [ 7912] Stopping service...
[2017-09-26 03:47:54] [info]  [ 7912] Service stop thread completed.
[2017-09-26 03:47:54] [info]  [ 2764] Run service finished.
[2017-09-26 03:47:54] [info]  [ 2764] Commons Daemon procrun finished
