
2017-09-27 22:06:19 Commons Daemon procrun stderr initialized
27-Sep-2017 22:06:20.157 정보 [main] org.apache.catalina.startup.VersionLoggerListener.log Server version:        Apache Tomcat/9.0.0.M26
27-Sep-2017 22:06:20.163 정보 [main] org.apache.catalina.startup.VersionLoggerListener.log Server built:          Aug 2 2017 20:29:05 UTC
27-Sep-2017 22:06:20.163 정보 [main] org.apache.catalina.startup.VersionLoggerListener.log Server number:         9.0.0.0
27-Sep-2017 22:06:20.163 정보 [main] org.apache.catalina.startup.VersionLoggerListener.log OS Name:               Windows 7
27-Sep-2017 22:06:20.163 정보 [main] org.apache.catalina.startup.VersionLoggerListener.log OS Version:            6.1
27-Sep-2017 22:06:20.163 정보 [main] org.apache.catalina.startup.VersionLoggerListener.log Architecture:          amd64
27-Sep-2017 22:06:20.164 정보 [main] org.apache.catalina.startup.VersionLoggerListener.log Java Home:             C:\Program Files\Java\jre1.8.0_144
27-Sep-2017 22:06:20.164 정보 [main] org.apache.catalina.startup.VersionLoggerListener.log JVM Version:           1.8.0_144-b01
27-Sep-2017 22:06:20.164 정보 [main] org.apache.catalina.startup.VersionLoggerListener.log JVM Vendor:            Oracle Corporation
27-Sep-2017 22:06:20.164 정보 [main] org.apache.catalina.startup.VersionLoggerListener.log CATALINA_BASE:         C:\Program Files (x86)\apache\apache-tomcat9
27-Sep-2017 22:06:20.164 정보 [main] org.apache.catalina.startup.VersionLoggerListener.log CATALINA_HOME:         C:\Program Files (x86)\apache\apache-tomcat9
27-Sep-2017 22:06:20.164 정보 [main] org.apache.catalina.startup.VersionLoggerListener.log Command line argument: -Dcatalina.home=C:\Program Files (x86)\apache\apache-tomcat9
27-Sep-2017 22:06:20.164 정보 [main] org.apache.catalina.startup.VersionLoggerListener.log Command line argument: -Dcatalina.base=C:\Program Files (x86)\apache\apache-tomcat9
27-Sep-2017 22:06:20.165 정보 [main] org.apache.catalina.startup.VersionLoggerListener.log Command line argument: -Djava.io.tmpdir=C:\Program Files (x86)\apache\apache-tomcat9\temp
27-Sep-2017 22:06:20.165 정보 [main] org.apache.catalina.startup.VersionLoggerListener.log Command line argument: -Djava.util.logging.manager=org.apache.juli.ClassLoaderLogManager
27-Sep-2017 22:06:20.165 정보 [main] org.apache.catalina.startup.VersionLoggerListener.log Command line argument: -Djava.util.logging.config.file=C:\Program Files (x86)\apache\apache-tomcat9\conf\logging.properties
27-Sep-2017 22:06:20.165 정보 [main] org.apache.catalina.startup.VersionLoggerListener.log Command line argument: exit
27-Sep-2017 22:06:20.165 정보 [main] org.apache.catalina.startup.VersionLoggerListener.log Command line argument: -Xms128m
27-Sep-2017 22:06:20.165 정보 [main] org.apache.catalina.startup.VersionLoggerListener.log Command line argument: -Xmx256m
27-Sep-2017 22:06:20.165 정보 [main] org.apache.catalina.core.AprLifecycleListener.lifecycleEvent Loaded APR based Apache Tomcat Native library [1.2.12] using APR version [1.5.2].
27-Sep-2017 22:06:20.165 정보 [main] org.apache.catalina.core.AprLifecycleListener.lifecycleEvent APR capabilities: IPv6 [true], sendfile [true], accept filters [false], random [true].
27-Sep-2017 22:06:20.165 정보 [main] org.apache.catalina.core.AprLifecycleListener.lifecycleEvent APR/OpenSSL configuration: useAprConnector [false], useOpenSSL [true]
27-Sep-2017 22:06:20.760 정보 [main] org.apache.catalina.core.AprLifecycleListener.initializeSSL OpenSSL successfully initialized [OpenSSL 1.0.2k  26 Jan 2017]
27-Sep-2017 22:06:20.920 정보 [main] org.apache.coyote.AbstractProtocol.init Initializing ProtocolHandler ["http-nio-8099"]
27-Sep-2017 22:06:21.095 정보 [main] org.apache.tomcat.util.net.NioSelectorPool.getSharedSelector Using a shared selector for servlet write/read
27-Sep-2017 22:06:21.099 정보 [main] org.apache.coyote.AbstractProtocol.init Initializing ProtocolHandler ["ajp-nio-8009"]
27-Sep-2017 22:06:21.101 정보 [main] org.apache.tomcat.util.net.NioSelectorPool.getSharedSelector Using a shared selector for servlet write/read
27-Sep-2017 22:06:21.101 정보 [main] org.apache.catalina.startup.Catalina.load Initialization processed in 1412 ms
27-Sep-2017 22:06:21.152 정보 [main] org.apache.catalina.core.StandardService.startInternal Starting service [Catalina]
27-Sep-2017 22:06:21.152 정보 [main] org.apache.catalina.core.StandardEngine.startInternal Starting Servlet Engine: Apache Tomcat/9.0.0.M26
27-Sep-2017 22:06:21.164 정보 [main] org.apache.catalina.startup.HostConfig.deployDirectory Deploying web application directory [C:\Program Files (x86)\apache\apache-tomcat9\webapps\docs]
27-Sep-2017 22:06:21.518 정보 [main] org.apache.catalina.startup.HostConfig.deployDirectory Deployment of web application directory [C:\Program Files (x86)\apache\apache-tomcat9\webapps\docs] has finished in [354] ms
27-Sep-2017 22:06:21.519 정보 [main] org.apache.catalina.startup.HostConfig.deployDirectory Deploying web application directory [C:\Program Files (x86)\apache\apache-tomcat9\webapps\examples]
27-Sep-2017 22:06:21.858 정보 [main] org.apache.catalina.startup.HostConfig.deployDirectory Deployment of web application directory [C:\Program Files (x86)\apache\apache-tomcat9\webapps\examples] has finished in [339] ms
27-Sep-2017 22:06:21.859 정보 [main] org.apache.catalina.startup.HostConfig.deployDirectory Deploying web application directory [C:\Program Files (x86)\apache\apache-tomcat9\webapps\host-manager]
27-Sep-2017 22:06:21.895 정보 [main] org.apache.catalina.startup.HostConfig.deployDirectory Deployment of web application directory [C:\Program Files (x86)\apache\apache-tomcat9\webapps\host-manager] has finished in [36] ms
27-Sep-2017 22:06:21.896 정보 [main] org.apache.catalina.startup.HostConfig.deployDirectory Deploying web application directory [C:\Program Files (x86)\apache\apache-tomcat9\webapps\manager]
27-Sep-2017 22:06:21.921 정보 [main] org.apache.catalina.startup.HostConfig.deployDirectory Deployment of web application directory [C:\Program Files (x86)\apache\apache-tomcat9\webapps\manager] has finished in [25] ms
27-Sep-2017 22:06:21.921 정보 [main] org.apache.catalina.startup.HostConfig.deployDirectory Deploying web application directory [C:\Program Files (x86)\apache\apache-tomcat9\webapps\ROOT]
27-Sep-2017 22:06:21.951 정보 [main] org.apache.catalina.startup.HostConfig.deployDirectory Deployment of web application directory [C:\Program Files (x86)\apache\apache-tomcat9\webapps\ROOT] has finished in [30] ms
27-Sep-2017 22:06:21.954 정보 [main] org.apache.coyote.AbstractProtocol.start Starting ProtocolHandler ["http-nio-8099"]
27-Sep-2017 22:06:21.964 정보 [main] org.apache.coyote.AbstractProtocol.start Starting ProtocolHandler ["ajp-nio-8009"]
27-Sep-2017 22:06:21.966 정보 [main] org.apache.catalina.startup.Catalina.start Server startup in 864 ms
27-Sep-2017 22:07:31.263 정보 [Thread-6] org.apache.coyote.AbstractProtocol.pause Pausing ProtocolHandler ["http-nio-8099"]
27-Sep-2017 22:07:31.556 정보 [Thread-6] org.apache.coyote.AbstractProtocol.pause Pausing ProtocolHandler ["ajp-nio-8009"]
27-Sep-2017 22:07:31.788 정보 [Thread-6] org.apache.catalina.core.StandardService.stopInternal Stopping service [Catalina]
27-Sep-2017 22:07:31.863 정보 [Thread-6] org.apache.coyote.AbstractProtocol.stop Stopping ProtocolHandler ["http-nio-8099"]
27-Sep-2017 22:07:31.877 정보 [Thread-6] org.apache.coyote.AbstractProtocol.stop Stopping ProtocolHandler ["ajp-nio-8009"]

2017-09-27 22:07:33 Commons Daemon procrun stderr initialized
27-Sep-2017 22:07:33.755 정보 [main] org.apache.catalina.startup.VersionLoggerListener.log Server version:        Apache Tomcat/9.0.0.M26
27-Sep-2017 22:07:33.759 정보 [main] org.apache.catalina.startup.VersionLoggerListener.log Server built:          Aug 2 2017 20:29:05 UTC
27-Sep-2017 22:07:33.759 정보 [main] org.apache.catalina.startup.VersionLoggerListener.log Server number:         9.0.0.0
27-Sep-2017 22:07:33.759 정보 [main] org.apache.catalina.startup.VersionLoggerListener.log OS Name:               Windows 7
27-Sep-2017 22:07:33.760 정보 [main] org.apache.catalina.startup.VersionLoggerListener.log OS Version:            6.1
27-Sep-2017 22:07:33.760 정보 [main] org.apache.catalina.startup.VersionLoggerListener.log Architecture:          amd64
27-Sep-2017 22:07:33.760 정보 [main] org.apache.catalina.startup.VersionLoggerListener.log Java Home:             C:\Program Files\Java\jre1.8.0_144
27-Sep-2017 22:07:33.761 정보 [main] org.apache.catalina.startup.VersionLoggerListener.log JVM Version:           1.8.0_144-b01
27-Sep-2017 22:07:33.761 정보 [main] org.apache.catalina.startup.VersionLoggerListener.log JVM Vendor:            Oracle Corporation
27-Sep-2017 22:07:33.761 정보 [main] org.apache.catalina.startup.VersionLoggerListener.log CATALINA_BASE:         C:\Program Files (x86)\apache\apache-tomcat9
27-Sep-2017 22:07:33.761 정보 [main] org.apache.catalina.startup.VersionLoggerListener.log CATALINA_HOME:         C:\Program Files (x86)\apache\apache-tomcat9
27-Sep-2017 22:07:33.761 정보 [main] org.apache.catalina.startup.VersionLoggerListener.log Command line argument: -Dcatalina.home=C:\Program Files (x86)\apache\apache-tomcat9
27-Sep-2017 22:07:33.761 정보 [main] org.apache.catalina.startup.VersionLoggerListener.log Command line argument: -Dcatalina.base=C:\Program Files (x86)\apache\apache-tomcat9
27-Sep-2017 22:07:33.762 정보 [main] org.apache.catalina.startup.VersionLoggerListener.log Command line argument: -Djava.io.tmpdir=C:\Program Files (x86)\apache\apache-tomcat9\temp
27-Sep-2017 22:07:33.762 정보 [main] org.apache.catalina.startup.VersionLoggerListener.log Command line argument: -Djava.util.logging.manager=org.apache.juli.ClassLoaderLogManager
27-Sep-2017 22:07:33.762 정보 [main] org.apache.catalina.startup.VersionLoggerListener.log Command line argument: -Djava.util.logging.config.file=C:\Program Files (x86)\apache\apache-tomcat9\conf\logging.properties
27-Sep-2017 22:07:33.762 정보 [main] org.apache.catalina.startup.VersionLoggerListener.log Command line argument: exit
27-Sep-2017 22:07:33.762 정보 [main] org.apache.catalina.startup.VersionLoggerListener.log Command line argument: -Xms128m
27-Sep-2017 22:07:33.762 정보 [main] org.apache.catalina.startup.VersionLoggerListener.log Command line argument: -Xmx256m
27-Sep-2017 22:07:33.762 정보 [main] org.apache.catalina.core.AprLifecycleListener.lifecycleEvent Loaded APR based Apache Tomcat Native library [1.2.12] using APR version [1.5.2].
27-Sep-2017 22:07:33.762 정보 [main] org.apache.catalina.core.AprLifecycleListener.lifecycleEvent APR capabilities: IPv6 [true], sendfile [true], accept filters [false], random [true].
27-Sep-2017 22:07:33.762 정보 [main] org.apache.catalina.core.AprLifecycleListener.lifecycleEvent APR/OpenSSL configuration: useAprConnector [false], useOpenSSL [true]
27-Sep-2017 22:07:34.338 정보 [main] org.apache.catalina.core.AprLifecycleListener.initializeSSL OpenSSL successfully initialized [OpenSSL 1.0.2k  26 Jan 2017]
27-Sep-2017 22:07:34.470 정보 [main] org.apache.coyote.AbstractProtocol.init Initializing ProtocolHandler ["http-nio-8099"]
27-Sep-2017 22:07:34.581 정보 [main] org.apache.tomcat.util.net.NioSelectorPool.getSharedSelector Using a shared selector for servlet write/read
27-Sep-2017 22:07:34.583 정보 [main] org.apache.coyote.AbstractProtocol.init Initializing ProtocolHandler ["ajp-nio-8009"]
27-Sep-2017 22:07:34.585 정보 [main] org.apache.tomcat.util.net.NioSelectorPool.getSharedSelector Using a shared selector for servlet write/read
27-Sep-2017 22:07:34.585 정보 [main] org.apache.catalina.startup.Catalina.load Initialization processed in 1205 ms
27-Sep-2017 22:07:34.616 정보 [main] org.apache.catalina.core.StandardService.startInternal Starting service [Catalina]
27-Sep-2017 22:07:34.616 정보 [main] org.apache.catalina.core.StandardEngine.startInternal Starting Servlet Engine: Apache Tomcat/9.0.0.M26
27-Sep-2017 22:07:34.624 정보 [main] org.apache.catalina.startup.HostConfig.deployDirectory Deploying web application directory [C:\Program Files (x86)\apache\apache-tomcat9\webapps\docs]
27-Sep-2017 22:07:34.944 정보 [main] org.apache.catalina.startup.HostConfig.deployDirectory Deployment of web application directory [C:\Program Files (x86)\apache\apache-tomcat9\webapps\docs] has finished in [319] ms
27-Sep-2017 22:07:34.945 정보 [main] org.apache.catalina.startup.HostConfig.deployDirectory Deploying web application directory [C:\Program Files (x86)\apache\apache-tomcat9\webapps\examples]
27-Sep-2017 22:07:35.272 정보 [main] org.apache.catalina.startup.HostConfig.deployDirectory Deployment of web application directory [C:\Program Files (x86)\apache\apache-tomcat9\webapps\examples] has finished in [327] ms
27-Sep-2017 22:07:35.273 정보 [main] org.apache.catalina.startup.HostConfig.deployDirectory Deploying web application directory [C:\Program Files (x86)\apache\apache-tomcat9\webapps\host-manager]
27-Sep-2017 22:07:35.307 정보 [main] org.apache.catalina.startup.HostConfig.deployDirectory Deployment of web application directory [C:\Program Files (x86)\apache\apache-tomcat9\webapps\host-manager] has finished in [35] ms
27-Sep-2017 22:07:35.307 정보 [main] org.apache.catalina.startup.HostConfig.deployDirectory Deploying web application directory [C:\Program Files (x86)\apache\apache-tomcat9\webapps\manager]
27-Sep-2017 22:07:35.333 정보 [main] org.apache.catalina.startup.HostConfig.deployDirectory Deployment of web application directory [C:\Program Files (x86)\apache\apache-tomcat9\webapps\manager] has finished in [26] ms
27-Sep-2017 22:07:35.334 정보 [main] org.apache.catalina.startup.HostConfig.deployDirectory Deploying web application directory [C:\Program Files (x86)\apache\apache-tomcat9\webapps\ROOT]
27-Sep-2017 22:07:35.353 정보 [main] org.apache.catalina.startup.HostConfig.deployDirectory Deployment of web application directory [C:\Program Files (x86)\apache\apache-tomcat9\webapps\ROOT] has finished in [19] ms
27-Sep-2017 22:07:35.355 정보 [main] org.apache.coyote.AbstractProtocol.start Starting ProtocolHandler ["http-nio-8099"]
27-Sep-2017 22:07:35.367 정보 [main] org.apache.coyote.AbstractProtocol.start Starting ProtocolHandler ["ajp-nio-8009"]
27-Sep-2017 22:07:35.372 정보 [main] org.apache.catalina.startup.Catalina.start Server startup in 780 ms
27-Sep-2017 22:09:03.131 정보 [Thread-6] org.apache.coyote.AbstractProtocol.pause Pausing ProtocolHandler ["http-nio-8099"]
27-Sep-2017 22:09:03.446 정보 [Thread-6] org.apache.coyote.AbstractProtocol.pause Pausing ProtocolHandler ["ajp-nio-8009"]
27-Sep-2017 22:09:03.669 정보 [Thread-6] org.apache.catalina.core.StandardService.stopInternal Stopping service [Catalina]
27-Sep-2017 22:09:03.746 정보 [Thread-6] org.apache.coyote.AbstractProtocol.stop Stopping ProtocolHandler ["http-nio-8099"]
27-Sep-2017 22:09:03.754 정보 [Thread-6] org.apache.coyote.AbstractProtocol.stop Stopping ProtocolHandler ["ajp-nio-8009"]

2017-09-27 22:09:04 Commons Daemon procrun stderr initialized
27-Sep-2017 22:09:05.617 정보 [main] org.apache.catalina.startup.VersionLoggerListener.log Server version:        Apache Tomcat/9.0.0.M26
27-Sep-2017 22:09:05.622 정보 [main] org.apache.catalina.startup.VersionLoggerListener.log Server built:          Aug 2 2017 20:29:05 UTC
27-Sep-2017 22:09:05.623 정보 [main] org.apache.catalina.startup.VersionLoggerListener.log Server number:         9.0.0.0
27-Sep-2017 22:09:05.623 정보 [main] org.apache.catalina.startup.VersionLoggerListener.log OS Name:               Windows 7
27-Sep-2017 22:09:05.624 정보 [main] org.apache.catalina.startup.VersionLoggerListener.log OS Version:            6.1
27-Sep-2017 22:09:05.624 정보 [main] org.apache.catalina.startup.VersionLoggerListener.log Architecture:          amd64
27-Sep-2017 22:09:05.624 정보 [main] org.apache.catalina.startup.VersionLoggerListener.log Java Home:             C:\Program Files\Java\jre1.8.0_144
27-Sep-2017 22:09:05.625 정보 [main] org.apache.catalina.startup.VersionLoggerListener.log JVM Version:           1.8.0_144-b01
27-Sep-2017 22:09:05.625 정보 [main] org.apache.catalina.startup.VersionLoggerListener.log JVM Vendor:            Oracle Corporation
27-Sep-2017 22:09:05.625 정보 [main] org.apache.catalina.startup.VersionLoggerListener.log CATALINA_BASE:         C:\Program Files (x86)\apache\apache-tomcat9
27-Sep-2017 22:09:05.625 정보 [main] org.apache.catalina.startup.VersionLoggerListener.log CATALINA_HOME:         C:\Program Files (x86)\apache\apache-tomcat9
27-Sep-2017 22:09:05.626 정보 [main] org.apache.catalina.startup.VersionLoggerListener.log Command line argument: -Dcatalina.home=C:\Program Files (x86)\apache\apache-tomcat9
27-Sep-2017 22:09:05.626 정보 [main] org.apache.catalina.startup.VersionLoggerListener.log Command line argument: -Dcatalina.base=C:\Program Files (x86)\apache\apache-tomcat9
27-Sep-2017 22:09:05.626 정보 [main] org.apache.catalina.startup.VersionLoggerListener.log Command line argument: -Djava.io.tmpdir=C:\Program Files (x86)\apache\apache-tomcat9\temp
27-Sep-2017 22:09:05.626 정보 [main] org.apache.catalina.startup.VersionLoggerListener.log Command line argument: -Djava.util.logging.manager=org.apache.juli.ClassLoaderLogManager
27-Sep-2017 22:09:05.626 정보 [main] org.apache.catalina.startup.VersionLoggerListener.log Command line argument: -Djava.util.logging.config.file=C:\Program Files (x86)\apache\apache-tomcat9\conf\logging.properties
27-Sep-2017 22:09:05.626 정보 [main] org.apache.catalina.startup.VersionLoggerListener.log Command line argument: exit
27-Sep-2017 22:09:05.626 정보 [main] org.apache.catalina.startup.VersionLoggerListener.log Command line argument: -Xms128m
27-Sep-2017 22:09:05.626 정보 [main] org.apache.catalina.startup.VersionLoggerListener.log Command line argument: -Xmx256m
27-Sep-2017 22:09:05.627 정보 [main] org.apache.catalina.core.AprLifecycleListener.lifecycleEvent Loaded APR based Apache Tomcat Native library [1.2.12] using APR version [1.5.2].
27-Sep-2017 22:09:05.627 정보 [main] org.apache.catalina.core.AprLifecycleListener.lifecycleEvent APR capabilities: IPv6 [true], sendfile [true], accept filters [false], random [true].
27-Sep-2017 22:09:05.627 정보 [main] org.apache.catalina.core.AprLifecycleListener.lifecycleEvent APR/OpenSSL configuration: useAprConnector [false], useOpenSSL [true]
27-Sep-2017 22:09:06.255 정보 [main] org.apache.catalina.core.AprLifecycleListener.initializeSSL OpenSSL successfully initialized [OpenSSL 1.0.2k  26 Jan 2017]
27-Sep-2017 22:09:06.390 정보 [main] org.apache.coyote.AbstractProtocol.init Initializing ProtocolHandler ["http-nio-8099"]
27-Sep-2017 22:09:06.535 정보 [main] org.apache.tomcat.util.net.NioSelectorPool.getSharedSelector Using a shared selector for servlet write/read
27-Sep-2017 22:09:06.539 정보 [main] org.apache.coyote.AbstractProtocol.init Initializing ProtocolHandler ["ajp-nio-8009"]
27-Sep-2017 22:09:06.541 정보 [main] org.apache.tomcat.util.net.NioSelectorPool.getSharedSelector Using a shared selector for servlet write/read
27-Sep-2017 22:09:06.545 정보 [main] org.apache.catalina.startup.Catalina.load Initialization processed in 1342 ms
27-Sep-2017 22:09:06.585 정보 [main] org.apache.catalina.core.StandardService.startInternal Starting service [Catalina]
27-Sep-2017 22:09:06.585 정보 [main] org.apache.catalina.core.StandardEngine.startInternal Starting Servlet Engine: Apache Tomcat/9.0.0.M26
27-Sep-2017 22:09:06.596 정보 [main] org.apache.catalina.startup.HostConfig.deployDirectory Deploying web application directory [C:\Program Files (x86)\apache\apache-tomcat9\webapps\docs]
27-Sep-2017 22:09:06.928 정보 [main] org.apache.catalina.startup.HostConfig.deployDirectory Deployment of web application directory [C:\Program Files (x86)\apache\apache-tomcat9\webapps\docs] has finished in [331] ms
27-Sep-2017 22:09:06.928 정보 [main] org.apache.catalina.startup.HostConfig.deployDirectory Deploying web application directory [C:\Program Files (x86)\apache\apache-tomcat9\webapps\examples]
27-Sep-2017 22:09:07.245 정보 [main] org.apache.catalina.startup.HostConfig.deployDirectory Deployment of web application directory [C:\Program Files (x86)\apache\apache-tomcat9\webapps\examples] has finished in [317] ms
27-Sep-2017 22:09:07.245 정보 [main] org.apache.catalina.startup.HostConfig.deployDirectory Deploying web application directory [C:\Program Files (x86)\apache\apache-tomcat9\webapps\host-manager]
27-Sep-2017 22:09:07.274 정보 [main] org.apache.catalina.startup.HostConfig.deployDirectory Deployment of web application directory [C:\Program Files (x86)\apache\apache-tomcat9\webapps\host-manager] has finished in [29] ms
27-Sep-2017 22:09:07.274 정보 [main] org.apache.catalina.startup.HostConfig.deployDirectory Deploying web application directory [C:\Program Files (x86)\apache\apache-tomcat9\webapps\manager]
27-Sep-2017 22:09:07.300 정보 [main] org.apache.catalina.startup.HostConfig.deployDirectory Deployment of web application directory [C:\Program Files (x86)\apache\apache-tomcat9\webapps\manager] has finished in [26] ms
27-Sep-2017 22:09:07.301 정보 [main] org.apache.catalina.startup.HostConfig.deployDirectory Deploying web application directory [C:\Program Files (x86)\apache\apache-tomcat9\webapps\ROOT]
27-Sep-2017 22:09:07.320 정보 [main] org.apache.catalina.startup.HostConfig.deployDirectory Deployment of web application directory [C:\Program Files (x86)\apache\apache-tomcat9\webapps\ROOT] has finished in [19] ms
27-Sep-2017 22:09:07.323 정보 [main] org.apache.coyote.AbstractProtocol.start Starting ProtocolHandler ["http-nio-8099"]
27-Sep-2017 22:09:07.334 정보 [main] org.apache.coyote.AbstractProtocol.start Starting ProtocolHandler ["ajp-nio-8009"]
27-Sep-2017 22:09:07.337 정보 [main] org.apache.catalina.startup.Catalina.start Server startup in 792 ms
27-Sep-2017 22:12:36.313 정보 [Thread-6] org.apache.coyote.AbstractProtocol.pause Pausing ProtocolHandler ["http-nio-8099"]
27-Sep-2017 22:12:36.434 정보 [Thread-6] org.apache.coyote.AbstractProtocol.pause Pausing ProtocolHandler ["ajp-nio-8009"]
27-Sep-2017 22:12:36.563 정보 [Thread-6] org.apache.catalina.core.StandardService.stopInternal Stopping service [Catalina]
27-Sep-2017 22:12:36.594 정보 [Thread-6] org.apache.coyote.AbstractProtocol.stop Stopping ProtocolHandler ["http-nio-8099"]
27-Sep-2017 22:12:36.597 정보 [Thread-6] org.apache.coyote.AbstractProtocol.stop Stopping ProtocolHandler ["ajp-nio-8009"]

2017-09-27 22:12:38 Commons Daemon procrun stderr initialized
27-Sep-2017 22:12:38.794 정보 [main] org.apache.catalina.startup.VersionLoggerListener.log Server version:        Apache Tomcat/9.0.0.M26
27-Sep-2017 22:12:38.799 정보 [main] org.apache.catalina.startup.VersionLoggerListener.log Server built:          Aug 2 2017 20:29:05 UTC
27-Sep-2017 22:12:38.800 정보 [main] org.apache.catalina.startup.VersionLoggerListener.log Server number:         9.0.0.0
27-Sep-2017 22:12:38.802 정보 [main] org.apache.catalina.startup.VersionLoggerListener.log OS Name:               Windows 7
27-Sep-2017 22:12:38.802 정보 [main] org.apache.catalina.startup.VersionLoggerListener.log OS Version:            6.1
27-Sep-2017 22:12:38.802 정보 [main] org.apache.catalina.startup.VersionLoggerListener.log Architecture:          amd64
27-Sep-2017 22:12:38.802 정보 [main] org.apache.catalina.startup.VersionLoggerListener.log Java Home:             C:\Program Files\Java\jre1.8.0_144
27-Sep-2017 22:12:38.802 정보 [main] org.apache.catalina.startup.VersionLoggerListener.log JVM Version:           1.8.0_144-b01
27-Sep-2017 22:12:38.802 정보 [main] org.apache.catalina.startup.VersionLoggerListener.log JVM Vendor:            Oracle Corporation
27-Sep-2017 22:12:38.802 정보 [main] org.apache.catalina.startup.VersionLoggerListener.log CATALINA_BASE:         C:\Program Files (x86)\apache\apache-tomcat9
27-Sep-2017 22:12:38.803 정보 [main] org.apache.catalina.startup.VersionLoggerListener.log CATALINA_HOME:         C:\Program Files (x86)\apache\apache-tomcat9
27-Sep-2017 22:12:38.803 정보 [main] org.apache.catalina.startup.VersionLoggerListener.log Command line argument: -Dcatalina.home=C:\Program Files (x86)\apache\apache-tomcat9
27-Sep-2017 22:12:38.803 정보 [main] org.apache.catalina.startup.VersionLoggerListener.log Command line argument: -Dcatalina.base=C:\Program Files (x86)\apache\apache-tomcat9
27-Sep-2017 22:12:38.803 정보 [main] org.apache.catalina.startup.VersionLoggerListener.log Command line argument: -Djava.io.tmpdir=C:\Program Files (x86)\apache\apache-tomcat9\temp
27-Sep-2017 22:12:38.803 정보 [main] org.apache.catalina.startup.VersionLoggerListener.log Command line argument: -Djava.util.logging.manager=org.apache.juli.ClassLoaderLogManager
27-Sep-2017 22:12:38.804 정보 [main] org.apache.catalina.startup.VersionLoggerListener.log Command line argument: -Djava.util.logging.config.file=C:\Program Files (x86)\apache\apache-tomcat9\conf\logging.properties
27-Sep-2017 22:12:38.804 정보 [main] org.apache.catalina.startup.VersionLoggerListener.log Command line argument: exit
27-Sep-2017 22:12:38.804 정보 [main] org.apache.catalina.startup.VersionLoggerListener.log Command line argument: -Xms128m
27-Sep-2017 22:12:38.804 정보 [main] org.apache.catalina.startup.VersionLoggerListener.log Command line argument: -Xmx256m
27-Sep-2017 22:12:38.804 정보 [main] org.apache.catalina.core.AprLifecycleListener.lifecycleEvent Loaded APR based Apache Tomcat Native library [1.2.12] using APR version [1.5.2].
27-Sep-2017 22:12:38.804 정보 [main] org.apache.catalina.core.AprLifecycleListener.lifecycleEvent APR capabilities: IPv6 [true], sendfile [true], accept filters [false], random [true].
27-Sep-2017 22:12:38.804 정보 [main] org.apache.catalina.core.AprLifecycleListener.lifecycleEvent APR/OpenSSL configuration: useAprConnector [false], useOpenSSL [true]
27-Sep-2017 22:12:39.454 정보 [main] org.apache.catalina.core.AprLifecycleListener.initializeSSL OpenSSL successfully initialized [OpenSSL 1.0.2k  26 Jan 2017]
27-Sep-2017 22:12:39.612 정보 [main] org.apache.coyote.AbstractProtocol.init Initializing ProtocolHandler ["http-nio-8099"]
27-Sep-2017 22:12:39.765 정보 [main] org.apache.tomcat.util.net.NioSelectorPool.getSharedSelector Using a shared selector for servlet write/read
27-Sep-2017 22:12:39.768 정보 [main] org.apache.coyote.AbstractProtocol.init Initializing ProtocolHandler ["ajp-nio-8009"]
27-Sep-2017 22:12:39.769 정보 [main] org.apache.tomcat.util.net.NioSelectorPool.getSharedSelector Using a shared selector for servlet write/read
27-Sep-2017 22:12:39.770 정보 [main] org.apache.catalina.startup.Catalina.load Initialization processed in 1441 ms
27-Sep-2017 22:12:39.813 정보 [main] org.apache.catalina.core.StandardService.startInternal Starting service [Catalina]
27-Sep-2017 22:12:39.813 정보 [main] org.apache.catalina.core.StandardEngine.startInternal Starting Servlet Engine: Apache Tomcat/9.0.0.M26
27-Sep-2017 22:12:39.821 정보 [main] org.apache.catalina.startup.HostConfig.deployDirectory Deploying web application directory [C:\Program Files (x86)\apache\apache-tomcat9\webapps\docs]
27-Sep-2017 22:12:40.187 정보 [main] org.apache.catalina.startup.HostConfig.deployDirectory Deployment of web application directory [C:\Program Files (x86)\apache\apache-tomcat9\webapps\docs] has finished in [365] ms
27-Sep-2017 22:12:40.187 정보 [main] org.apache.catalina.startup.HostConfig.deployDirectory Deploying web application directory [C:\Program Files (x86)\apache\apache-tomcat9\webapps\examples]
27-Sep-2017 22:12:40.601 정보 [main] org.apache.catalina.startup.HostConfig.deployDirectory Deployment of web application directory [C:\Program Files (x86)\apache\apache-tomcat9\webapps\examples] has finished in [413] ms
27-Sep-2017 22:12:40.601 정보 [main] org.apache.catalina.startup.HostConfig.deployDirectory Deploying web application directory [C:\Program Files (x86)\apache\apache-tomcat9\webapps\host-manager]
27-Sep-2017 22:12:40.637 정보 [main] org.apache.catalina.startup.HostConfig.deployDirectory Deployment of web application directory [C:\Program Files (x86)\apache\apache-tomcat9\webapps\host-manager] has finished in [36] ms
27-Sep-2017 22:12:40.637 정보 [main] org.apache.catalina.startup.HostConfig.deployDirectory Deploying web application directory [C:\Program Files (x86)\apache\apache-tomcat9\webapps\manager]
27-Sep-2017 22:12:40.673 정보 [main] org.apache.catalina.startup.HostConfig.deployDirectory Deployment of web application directory [C:\Program Files (x86)\apache\apache-tomcat9\webapps\manager] has finished in [35] ms
27-Sep-2017 22:12:40.673 정보 [main] org.apache.catalina.startup.HostConfig.deployDirectory Deploying web application directory [C:\Program Files (x86)\apache\apache-tomcat9\webapps\ROOT]
27-Sep-2017 22:12:40.716 정보 [main] org.apache.catalina.startup.HostConfig.deployDirectory Deployment of web application directory [C:\Program Files (x86)\apache\apache-tomcat9\webapps\ROOT] has finished in [43] ms
27-Sep-2017 22:12:40.719 정보 [main] org.apache.coyote.AbstractProtocol.start Starting ProtocolHandler ["http-nio-8099"]
27-Sep-2017 22:12:40.731 정보 [main] org.apache.coyote.AbstractProtocol.start Starting ProtocolHandler ["ajp-nio-8009"]
27-Sep-2017 22:12:40.734 정보 [main] org.apache.catalina.startup.Catalina.start Server startup in 965 ms
27-Sep-2017 22:18:57.333 정보 [Thread-6] org.apache.coyote.AbstractProtocol.pause Pausing ProtocolHandler ["http-nio-8099"]
27-Sep-2017 22:18:57.539 정보 [Thread-6] org.apache.coyote.AbstractProtocol.pause Pausing ProtocolHandler ["ajp-nio-8009"]
27-Sep-2017 22:18:57.809 정보 [Thread-6] org.apache.catalina.core.StandardService.stopInternal Stopping service [Catalina]
27-Sep-2017 22:18:57.864 정보 [Thread-6] org.apache.coyote.AbstractProtocol.stop Stopping ProtocolHandler ["http-nio-8099"]
27-Sep-2017 22:18:57.872 정보 [Thread-6] org.apache.coyote.AbstractProtocol.stop Stopping ProtocolHandler ["ajp-nio-8009"]

2017-09-27 22:21:36 Commons Daemon procrun stderr initialized
27-Sep-2017 22:21:37.522 정보 [main] org.apache.catalina.startup.VersionLoggerListener.log Server version:        Apache Tomcat/9.0.0.M26
27-Sep-2017 22:21:37.526 정보 [main] org.apache.catalina.startup.VersionLoggerListener.log Server built:          Aug 2 2017 20:29:05 UTC
27-Sep-2017 22:21:37.527 정보 [main] org.apache.catalina.startup.VersionLoggerListener.log Server number:         9.0.0.0
27-Sep-2017 22:21:37.527 정보 [main] org.apache.catalina.startup.VersionLoggerListener.log OS Name:               Windows 7
27-Sep-2017 22:21:37.527 정보 [main] org.apache.catalina.startup.VersionLoggerListener.log OS Version:            6.1
27-Sep-2017 22:21:37.527 정보 [main] org.apache.catalina.startup.VersionLoggerListener.log Architecture:          amd64
27-Sep-2017 22:21:37.527 정보 [main] org.apache.catalina.startup.VersionLoggerListener.log Java Home:             C:\Program Files\Java\jre1.8.0_144
27-Sep-2017 22:21:37.527 정보 [main] org.apache.catalina.startup.VersionLoggerListener.log JVM Version:           1.8.0_144-b01
27-Sep-2017 22:21:37.527 정보 [main] org.apache.catalina.startup.VersionLoggerListener.log JVM Vendor:            Oracle Corporation
27-Sep-2017 22:21:37.527 정보 [main] org.apache.catalina.startup.VersionLoggerListener.log CATALINA_BASE:         C:\Program Files (x86)\apache\apache-tomcat9
27-Sep-2017 22:21:37.528 정보 [main] org.apache.catalina.startup.VersionLoggerListener.log CATALINA_HOME:         C:\Program Files (x86)\apache\apache-tomcat9
27-Sep-2017 22:21:37.528 정보 [main] org.apache.catalina.startup.VersionLoggerListener.log Command line argument: -Dcatalina.home=C:\Program Files (x86)\apache\apache-tomcat9
27-Sep-2017 22:21:37.528 정보 [main] org.apache.catalina.startup.VersionLoggerListener.log Command line argument: -Dcatalina.base=C:\Program Files (x86)\apache\apache-tomcat9
27-Sep-2017 22:21:37.528 정보 [main] org.apache.catalina.startup.VersionLoggerListener.log Command line argument: -Djava.io.tmpdir=C:\Program Files (x86)\apache\apache-tomcat9\temp
27-Sep-2017 22:21:37.528 정보 [main] org.apache.catalina.startup.VersionLoggerListener.log Command line argument: -Djava.util.logging.manager=org.apache.juli.ClassLoaderLogManager
27-Sep-2017 22:21:37.528 정보 [main] org.apache.catalina.startup.VersionLoggerListener.log Command line argument: -Djava.util.logging.config.file=C:\Program Files (x86)\apache\apache-tomcat9\conf\logging.properties
27-Sep-2017 22:21:37.528 정보 [main] org.apache.catalina.startup.VersionLoggerListener.log Command line argument: exit
27-Sep-2017 22:21:37.529 정보 [main] org.apache.catalina.startup.VersionLoggerListener.log Command line argument: -Xms128m
27-Sep-2017 22:21:37.529 정보 [main] org.apache.catalina.startup.VersionLoggerListener.log Command line argument: -Xmx256m
27-Sep-2017 22:21:37.529 정보 [main] org.apache.catalina.core.AprLifecycleListener.lifecycleEvent Loaded APR based Apache Tomcat Native library [1.2.12] using APR version [1.5.2].
27-Sep-2017 22:21:37.529 정보 [main] org.apache.catalina.core.AprLifecycleListener.lifecycleEvent APR capabilities: IPv6 [true], sendfile [true], accept filters [false], random [true].
27-Sep-2017 22:21:37.529 정보 [main] org.apache.catalina.core.AprLifecycleListener.lifecycleEvent APR/OpenSSL configuration: useAprConnector [false], useOpenSSL [true]
27-Sep-2017 22:21:38.116 정보 [main] org.apache.catalina.core.AprLifecycleListener.initializeSSL OpenSSL successfully initialized [OpenSSL 1.0.2k  26 Jan 2017]
27-Sep-2017 22:21:38.240 정보 [main] org.apache.coyote.AbstractProtocol.init Initializing ProtocolHandler ["http-nio-8099"]
27-Sep-2017 22:21:38.365 정보 [main] org.apache.tomcat.util.net.NioSelectorPool.getSharedSelector Using a shared selector for servlet write/read
27-Sep-2017 22:21:38.368 정보 [main] org.apache.coyote.AbstractProtocol.init Initializing ProtocolHandler ["ajp-nio-8009"]
27-Sep-2017 22:21:38.369 정보 [main] org.apache.tomcat.util.net.NioSelectorPool.getSharedSelector Using a shared selector for servlet write/read
27-Sep-2017 22:21:38.370 정보 [main] org.apache.catalina.startup.Catalina.load Initialization processed in 1258 ms
27-Sep-2017 22:21:38.403 정보 [main] org.apache.catalina.core.StandardService.startInternal Starting service [Catalina]
27-Sep-2017 22:21:38.404 정보 [main] org.apache.catalina.core.StandardEngine.startInternal Starting Servlet Engine: Apache Tomcat/9.0.0.M26
27-Sep-2017 22:21:38.413 정보 [main] org.apache.catalina.startup.HostConfig.deployDirectory Deploying web application directory [C:\Program Files (x86)\apache\apache-tomcat9\webapps\docs]
27-Sep-2017 22:21:38.761 정보 [main] org.apache.catalina.startup.HostConfig.deployDirectory Deployment of web application directory [C:\Program Files (x86)\apache\apache-tomcat9\webapps\docs] has finished in [347] ms
27-Sep-2017 22:21:38.761 정보 [main] org.apache.catalina.startup.HostConfig.deployDirectory Deploying web application directory [C:\Program Files (x86)\apache\apache-tomcat9\webapps\examples]
27-Sep-2017 22:21:39.081 정보 [main] org.apache.catalina.startup.HostConfig.deployDirectory Deployment of web application directory [C:\Program Files (x86)\apache\apache-tomcat9\webapps\examples] has finished in [320] ms
27-Sep-2017 22:21:39.081 정보 [main] org.apache.catalina.startup.HostConfig.deployDirectory Deploying web application directory [C:\Program Files (x86)\apache\apache-tomcat9\webapps\host-manager]
27-Sep-2017 22:21:39.115 정보 [main] org.apache.catalina.startup.HostConfig.deployDirectory Deployment of web application directory [C:\Program Files (x86)\apache\apache-tomcat9\webapps\host-manager] has finished in [33] ms
27-Sep-2017 22:21:39.115 정보 [main] org.apache.catalina.startup.HostConfig.deployDirectory Deploying web application directory [C:\Program Files (x86)\apache\apache-tomcat9\webapps\manager]
27-Sep-2017 22:21:39.146 정보 [main] org.apache.catalina.startup.HostConfig.deployDirectory Deployment of web application directory [C:\Program Files (x86)\apache\apache-tomcat9\webapps\manager] has finished in [30] ms
27-Sep-2017 22:21:39.146 정보 [main] org.apache.catalina.startup.HostConfig.deployDirectory Deploying web application directory [C:\Program Files (x86)\apache\apache-tomcat9\webapps\ROOT]
27-Sep-2017 22:21:39.189 정보 [main] org.apache.catalina.startup.HostConfig.deployDirectory Deployment of web application directory [C:\Program Files (x86)\apache\apache-tomcat9\webapps\ROOT] has finished in [43] ms
27-Sep-2017 22:21:39.194 정보 [main] org.apache.coyote.AbstractProtocol.start Starting ProtocolHandler ["http-nio-8099"]
27-Sep-2017 22:21:39.212 정보 [main] org.apache.coyote.AbstractProtocol.start Starting ProtocolHandler ["ajp-nio-8009"]
27-Sep-2017 22:21:39.215 정보 [main] org.apache.catalina.startup.Catalina.start Server startup in 836 ms
27-Sep-2017 22:37:26.010 정보 [Thread-6] org.apache.coyote.AbstractProtocol.pause Pausing ProtocolHandler ["http-nio-8099"]
27-Sep-2017 22:37:26.215 정보 [Thread-6] org.apache.coyote.AbstractProtocol.pause Pausing ProtocolHandler ["ajp-nio-8009"]
27-Sep-2017 22:37:26.453 정보 [Thread-6] org.apache.catalina.core.StandardService.stopInternal Stopping service [Catalina]
27-Sep-2017 22:37:26.537 정보 [Thread-6] org.apache.coyote.AbstractProtocol.stop Stopping ProtocolHandler ["http-nio-8099"]
27-Sep-2017 22:37:26.538 정보 [Thread-6] org.apache.coyote.AbstractProtocol.stop Stopping ProtocolHandler ["ajp-nio-8009"]
