
2017-10-23 18:18:28 Commons Daemon procrun stderr initialized
23-Oct-2017 18:18:29.747 정보 [main] org.apache.catalina.startup.VersionLoggerListener.log Server version:        Apache Tomcat/9.0.0.M26
23-Oct-2017 18:18:29.747 정보 [main] org.apache.catalina.startup.VersionLoggerListener.log Server built:          Aug 2 2017 20:29:05 UTC
23-Oct-2017 18:18:29.747 정보 [main] org.apache.catalina.startup.VersionLoggerListener.log Server number:         9.0.0.0
23-Oct-2017 18:18:29.747 정보 [main] org.apache.catalina.startup.VersionLoggerListener.log OS Name:               Windows 7
23-Oct-2017 18:18:29.747 정보 [main] org.apache.catalina.startup.VersionLoggerListener.log OS Version:            6.1
23-Oct-2017 18:18:29.747 정보 [main] org.apache.catalina.startup.VersionLoggerListener.log Architecture:          amd64
23-Oct-2017 18:18:29.747 정보 [main] org.apache.catalina.startup.VersionLoggerListener.log Java Home:             C:\Program Files\Java\jre1.8.0_144
23-Oct-2017 18:18:29.747 정보 [main] org.apache.catalina.startup.VersionLoggerListener.log JVM Version:           1.8.0_144-b01
23-Oct-2017 18:18:29.747 정보 [main] org.apache.catalina.startup.VersionLoggerListener.log JVM Vendor:            Oracle Corporation
23-Oct-2017 18:18:29.747 정보 [main] org.apache.catalina.startup.VersionLoggerListener.log CATALINA_BASE:         C:\Program Files (x86)\apache\apache-tomcat9
23-Oct-2017 18:18:29.747 정보 [main] org.apache.catalina.startup.VersionLoggerListener.log CATALINA_HOME:         C:\Program Files (x86)\apache\apache-tomcat9
23-Oct-2017 18:18:29.747 정보 [main] org.apache.catalina.startup.VersionLoggerListener.log Command line argument: -Dcatalina.home=C:\Program Files (x86)\apache\apache-tomcat9
23-Oct-2017 18:18:29.747 정보 [main] org.apache.catalina.startup.VersionLoggerListener.log Command line argument: -Dcatalina.base=C:\Program Files (x86)\apache\apache-tomcat9
23-Oct-2017 18:18:29.747 정보 [main] org.apache.catalina.startup.VersionLoggerListener.log Command line argument: -Djava.io.tmpdir=C:\Program Files (x86)\apache\apache-tomcat9\temp
23-Oct-2017 18:18:29.747 정보 [main] org.apache.catalina.startup.VersionLoggerListener.log Command line argument: -Djava.util.logging.manager=org.apache.juli.ClassLoaderLogManager
23-Oct-2017 18:18:29.747 정보 [main] org.apache.catalina.startup.VersionLoggerListener.log Command line argument: -Djava.util.logging.config.file=C:\Program Files (x86)\apache\apache-tomcat9\conf\logging.properties
23-Oct-2017 18:18:29.747 정보 [main] org.apache.catalina.startup.VersionLoggerListener.log Command line argument: exit
23-Oct-2017 18:18:29.747 정보 [main] org.apache.catalina.startup.VersionLoggerListener.log Command line argument: -Xms128m
23-Oct-2017 18:18:29.747 정보 [main] org.apache.catalina.startup.VersionLoggerListener.log Command line argument: -Xmx256m
23-Oct-2017 18:18:29.747 정보 [main] org.apache.catalina.core.AprLifecycleListener.lifecycleEvent Loaded APR based Apache Tomcat Native library [1.2.12] using APR version [1.5.2].
23-Oct-2017 18:18:29.747 정보 [main] org.apache.catalina.core.AprLifecycleListener.lifecycleEvent APR capabilities: IPv6 [true], sendfile [true], accept filters [false], random [true].
23-Oct-2017 18:18:29.747 정보 [main] org.apache.catalina.core.AprLifecycleListener.lifecycleEvent APR/OpenSSL configuration: useAprConnector [false], useOpenSSL [true]
23-Oct-2017 18:18:30.371 정보 [main] org.apache.catalina.core.AprLifecycleListener.initializeSSL OpenSSL successfully initialized [OpenSSL 1.0.2k  26 Jan 2017]
23-Oct-2017 18:18:30.512 정보 [main] org.apache.coyote.AbstractProtocol.init Initializing ProtocolHandler ["http-nio-8099"]
23-Oct-2017 18:18:30.636 정보 [main] org.apache.tomcat.util.net.NioSelectorPool.getSharedSelector Using a shared selector for servlet write/read
23-Oct-2017 18:18:30.636 정보 [main] org.apache.coyote.AbstractProtocol.init Initializing ProtocolHandler ["ajp-nio-8009"]
23-Oct-2017 18:18:30.636 정보 [main] org.apache.tomcat.util.net.NioSelectorPool.getSharedSelector Using a shared selector for servlet write/read
23-Oct-2017 18:18:30.636 정보 [main] org.apache.catalina.startup.Catalina.load Initialization processed in 1303 ms
23-Oct-2017 18:18:30.699 정보 [main] org.apache.catalina.core.StandardService.startInternal Starting service [Catalina]
23-Oct-2017 18:18:30.699 정보 [main] org.apache.catalina.core.StandardEngine.startInternal Starting Servlet Engine: Apache Tomcat/9.0.0.M26
23-Oct-2017 18:18:30.699 정보 [main] org.apache.catalina.startup.HostConfig.deployDirectory Deploying web application directory [C:\Program Files (x86)\apache\apache-tomcat9\webapps\docs]
23-Oct-2017 18:18:31.042 정보 [main] org.apache.catalina.startup.HostConfig.deployDirectory Deployment of web application directory [C:\Program Files (x86)\apache\apache-tomcat9\webapps\docs] has finished in [343] ms
23-Oct-2017 18:18:31.042 정보 [main] org.apache.catalina.startup.HostConfig.deployDirectory Deploying web application directory [C:\Program Files (x86)\apache\apache-tomcat9\webapps\examples]
23-Oct-2017 18:18:31.432 정보 [main] org.apache.catalina.startup.HostConfig.deployDirectory Deployment of web application directory [C:\Program Files (x86)\apache\apache-tomcat9\webapps\examples] has finished in [390] ms
23-Oct-2017 18:18:31.432 정보 [main] org.apache.catalina.startup.HostConfig.deployDirectory Deploying web application directory [C:\Program Files (x86)\apache\apache-tomcat9\webapps\host-manager]
23-Oct-2017 18:18:31.479 정보 [main] org.apache.catalina.startup.HostConfig.deployDirectory Deployment of web application directory [C:\Program Files (x86)\apache\apache-tomcat9\webapps\host-manager] has finished in [47] ms
23-Oct-2017 18:18:31.479 정보 [main] org.apache.catalina.startup.HostConfig.deployDirectory Deploying web application directory [C:\Program Files (x86)\apache\apache-tomcat9\webapps\manager]
23-Oct-2017 18:18:31.510 정보 [main] org.apache.catalina.startup.HostConfig.deployDirectory Deployment of web application directory [C:\Program Files (x86)\apache\apache-tomcat9\webapps\manager] has finished in [31] ms
23-Oct-2017 18:18:31.510 정보 [main] org.apache.catalina.startup.HostConfig.deployDirectory Deploying web application directory [C:\Program Files (x86)\apache\apache-tomcat9\webapps\ROOT]
23-Oct-2017 18:18:31.541 정보 [main] org.apache.catalina.startup.HostConfig.deployDirectory Deployment of web application directory [C:\Program Files (x86)\apache\apache-tomcat9\webapps\ROOT] has finished in [31] ms
23-Oct-2017 18:18:31.541 정보 [main] org.apache.coyote.AbstractProtocol.start Starting ProtocolHandler ["http-nio-8099"]
23-Oct-2017 18:18:31.557 정보 [main] org.apache.coyote.AbstractProtocol.start Starting ProtocolHandler ["ajp-nio-8009"]
23-Oct-2017 18:18:31.557 정보 [main] org.apache.catalina.startup.Catalina.start Server startup in 909 ms
23-Oct-2017 18:19:19.624 정보 [Thread-6] org.apache.coyote.AbstractProtocol.pause Pausing ProtocolHandler ["http-nio-8099"]
23-Oct-2017 18:19:19.733 정보 [Thread-6] org.apache.coyote.AbstractProtocol.pause Pausing ProtocolHandler ["ajp-nio-8009"]
23-Oct-2017 18:19:19.843 정보 [Thread-6] org.apache.catalina.core.StandardService.stopInternal Stopping service [Catalina]
23-Oct-2017 18:19:19.858 정보 [Thread-6] org.apache.coyote.AbstractProtocol.stop Stopping ProtocolHandler ["http-nio-8099"]
23-Oct-2017 18:19:19.858 정보 [Thread-6] org.apache.coyote.AbstractProtocol.stop Stopping ProtocolHandler ["ajp-nio-8009"]
